This file contains any messages produced by compilers while
running configure, to aid debugging if configure makes a mistake.

It was created by tmux configure 2.6, which was
generated by GNU Autoconf 2.69.  Invocation command line was

  $ ./configure 

## --------- ##
## Platform. ##
## --------- ##

hostname = lostways-dev
uname -m = x86_64
uname -r = 4.15.0-88-generic
uname -s = Linux
uname -v = #88-Ubuntu SMP Tue Feb 11 20:11:34 UTC 2020

/usr/bin/uname -p = unknown
/bin/uname -X     = unknown

/bin/arch              = unknown
/usr/bin/arch -k       = unknown
/usr/convex/getsysinfo = unknown
/usr/bin/hostinfo      = unknown
/bin/machine           = unknown
/usr/bin/oslevel       = unknown
/bin/universe          = unknown

PATH: /usr/local/sbin
PATH: /usr/local/bin
PATH: /usr/sbin
PATH: /usr/bin
PATH: /sbin
PATH: /bin
PATH: /usr/games
PATH: /usr/local/games


## ----------- ##
## Core tests. ##
## ----------- ##

configure:2336: checking for a BSD-compatible install
configure:2404: result: /usr/bin/install -c
configure:2415: checking whether build environment is sane
configure:2470: result: yes
configure:2621: checking for a thread-safe mkdir -p
configure:2660: result: /bin/mkdir -p
configure:2667: checking for gawk
configure:2683: found /usr/bin/gawk
configure:2694: result: gawk
configure:2705: checking whether make sets $(MAKE)
configure:2727: result: yes
configure:2756: checking whether make supports nested variables
configure:2773: result: yes
configure:2904: checking build system type
configure:2918: result: x86_64-pc-linux-gnu
configure:2938: checking host system type
configure:2951: result: x86_64-pc-linux-gnu
configure:3033: checking for gcc
configure:3049: found /usr/bin/gcc
configure:3060: result: gcc
configure:3289: checking for C compiler version
configure:3298: gcc --version >&5
gcc (Ubuntu 7.5.0-3ubuntu1~18.04) 7.5.0
Copyright (C) 2017 Free Software Foundation, Inc.
This is free software; see the source for copying conditions.  There is NO
warranty; not even for MERCHANTABILITY or FITNESS FOR A PARTICULAR PURPOSE.

configure:3309: $? = 0
configure:3298: gcc -v >&5
Using built-in specs.
COLLECT_GCC=gcc
COLLECT_LTO_WRAPPER=/usr/lib/gcc/x86_64-linux-gnu/7/lto-wrapper
OFFLOAD_TARGET_NAMES=nvptx-none
OFFLOAD_TARGET_DEFAULT=1
Target: x86_64-linux-gnu
Configured with: ../src/configure -v --with-pkgversion='Ubuntu 7.5.0-3ubuntu1~18.04' --with-bugurl=file:///usr/share/doc/gcc-7/README.Bugs --enable-languages=c,ada,c++,go,brig,d,fortran,objc,obj-c++ --prefix=/usr --with-gcc-major-version-only --program-suffix=-7 --program-prefix=x86_64-linux-gnu- --enable-shared --enable-linker-build-id --libexecdir=/usr/lib --without-included-gettext --enable-threads=posix --libdir=/usr/lib --enable-nls --enable-bootstrap --enable-clocale=gnu --enable-libstdcxx-debug --enable-libstdcxx-time=yes --with-default-libstdcxx-abi=new --enable-gnu-unique-object --disable-vtable-verify --enable-libmpx --enable-plugin --enable-default-pie --with-system-zlib --with-target-system-zlib --enable-objc-gc=auto --enable-multiarch --disable-werror --with-arch-32=i686 --with-abi=m64 --with-multilib-list=m32,m64,mx32 --enable-multilib --with-tune=generic --enable-offload-targets=nvptx-none --without-cuda-driver --enable-checking=release --build=x86_64-linux-gnu --host=x86_64-linux-gnu --target=x86_64-linux-gnu
Thread model: posix
gcc version 7.5.0 (Ubuntu 7.5.0-3ubuntu1~18.04) 
configure:3309: $? = 0
configure:3298: gcc -V >&5
gcc: error: unrecognized command line option '-V'
gcc: fatal error: no input files
compilation terminated.
configure:3309: $? = 1
configure:3298: gcc -qversion >&5
gcc: error: unrecognized command line option '-qversion'; did you mean '--version'?
gcc: fatal error: no input files
compilation terminated.
configure:3309: $? = 1
configure:3329: checking whether the C compiler works
configure:3351: gcc    conftest.c  >&5
configure:3355: $? = 0
configure:3403: result: yes
configure:3406: checking for C compiler default output file name
configure:3408: result: a.out
configure:3414: checking for suffix of executables
configure:3421: gcc -o conftest    conftest.c  >&5
configure:3425: $? = 0
configure:3447: result: 
configure:3469: checking whether we are cross compiling
configure:3477: gcc -o conftest    conftest.c  >&5
configure:3481: $? = 0
configure:3488: ./conftest
configure:3492: $? = 0
configure:3507: result: no
configure:3512: checking for suffix of object files
configure:3534: gcc -c   conftest.c >&5
configure:3538: $? = 0
configure:3559: result: o
configure:3563: checking whether we are using the GNU C compiler
configure:3582: gcc -c   conftest.c >&5
configure:3582: $? = 0
configure:3591: result: yes
configure:3600: checking whether gcc accepts -g
configure:3620: gcc -c -g  conftest.c >&5
configure:3620: $? = 0
configure:3661: result: yes
configure:3678: checking for gcc option to accept ISO C89
configure:3741: gcc  -c   conftest.c >&5
configure:3741: $? = 0
configure:3754: result: none needed
configure:3779: checking whether gcc understands -c and -o together
configure:3801: gcc -c conftest.c -o conftest2.o
configure:3804: $? = 0
configure:3801: gcc -c conftest.c -o conftest2.o
configure:3804: $? = 0
configure:3816: result: yes
configure:3844: checking for style of include used by make
configure:3872: result: GNU
configure:3898: checking dependency style of gcc
configure:4009: result: gcc3
configure:4025: checking for gcc option to accept ISO C99
configure:4174: gcc  -c   conftest.c >&5
configure:4174: $? = 0
configure:4187: result: none needed
configure:4207: checking how to run the C preprocessor
configure:4238: gcc -E  conftest.c
configure:4238: $? = 0
configure:4252: gcc -E  conftest.c
conftest.c:11:10: fatal error: ac_nonexistent.h: No such file or directory
 #include <ac_nonexistent.h>
          ^~~~~~~~~~~~~~~~~~
compilation terminated.
configure:4252: $? = 1
configure: failed program was:
| /* confdefs.h */
| #define PACKAGE_NAME "tmux"
| #define PACKAGE_TARNAME "tmux"
| #define PACKAGE_VERSION "2.6"
| #define PACKAGE_STRING "tmux 2.6"
| #define PACKAGE_BUGREPORT ""
| #define PACKAGE_URL ""
| #define PACKAGE "tmux"
| #define VERSION "2.6"
| /* end confdefs.h.  */
| #include <ac_nonexistent.h>
configure:4277: result: gcc -E
configure:4297: gcc -E  conftest.c
configure:4297: $? = 0
configure:4311: gcc -E  conftest.c
conftest.c:11:10: fatal error: ac_nonexistent.h: No such file or directory
 #include <ac_nonexistent.h>
          ^~~~~~~~~~~~~~~~~~
compilation terminated.
configure:4311: $? = 1
configure: failed program was:
| /* confdefs.h */
| #define PACKAGE_NAME "tmux"
| #define PACKAGE_TARNAME "tmux"
| #define PACKAGE_VERSION "2.6"
| #define PACKAGE_STRING "tmux 2.6"
| #define PACKAGE_BUGREPORT ""
| #define PACKAGE_URL ""
| #define PACKAGE "tmux"
| #define VERSION "2.6"
| /* end confdefs.h.  */
| #include <ac_nonexistent.h>
configure:4339: checking for grep that handles long lines and -e
configure:4397: result: /bin/grep
configure:4402: checking for egrep
configure:4464: result: /bin/grep -E
configure:4524: checking for pkg-config
configure:4542: found /usr/bin/pkg-config
configure:4554: result: /usr/bin/pkg-config
configure:4579: checking pkg-config is at least version 0.9.0
configure:4582: result: yes
configure:4592: checking for ANSI C header files
configure:4612: gcc -c   conftest.c >&5
configure:4612: $? = 0
configure:4685: gcc -o conftest    conftest.c  >&5
configure:4685: $? = 0
configure:4685: ./conftest
configure:4685: $? = 0
configure:4696: result: yes
configure:4709: checking for sys/types.h
configure:4709: gcc -c   conftest.c >&5
configure:4709: $? = 0
configure:4709: result: yes
configure:4709: checking for sys/stat.h
configure:4709: gcc -c   conftest.c >&5
configure:4709: $? = 0
configure:4709: result: yes
configure:4709: checking for stdlib.h
configure:4709: gcc -c   conftest.c >&5
configure:4709: $? = 0
configure:4709: result: yes
configure:4709: checking for string.h
configure:4709: gcc -c   conftest.c >&5
configure:4709: $? = 0
configure:4709: result: yes
configure:4709: checking for memory.h
configure:4709: gcc -c   conftest.c >&5
configure:4709: $? = 0
configure:4709: result: yes
configure:4709: checking for strings.h
configure:4709: gcc -c   conftest.c >&5
configure:4709: $? = 0
configure:4709: result: yes
configure:4709: checking for inttypes.h
configure:4709: gcc -c   conftest.c >&5
configure:4709: $? = 0
configure:4709: result: yes
configure:4709: checking for stdint.h
configure:4709: gcc -c   conftest.c >&5
configure:4709: $? = 0
configure:4709: result: yes
configure:4709: checking for unistd.h
configure:4709: gcc -c   conftest.c >&5
configure:4709: $? = 0
configure:4709: result: yes
configure:4722: checking minix/config.h usability
configure:4722: gcc -c   conftest.c >&5
conftest.c:54:10: fatal error: minix/config.h: No such file or directory
 #include <minix/config.h>
          ^~~~~~~~~~~~~~~~
compilation terminated.
configure:4722: $? = 1
configure: failed program was:
| /* confdefs.h */
| #define PACKAGE_NAME "tmux"
| #define PACKAGE_TARNAME "tmux"
| #define PACKAGE_VERSION "2.6"
| #define PACKAGE_STRING "tmux 2.6"
| #define PACKAGE_BUGREPORT ""
| #define PACKAGE_URL ""
| #define PACKAGE "tmux"
| #define VERSION "2.6"
| #define STDC_HEADERS 1
| #define HAVE_SYS_TYPES_H 1
| #define HAVE_SYS_STAT_H 1
| #define HAVE_STDLIB_H 1
| #define HAVE_STRING_H 1
| #define HAVE_MEMORY_H 1
| #define HAVE_STRINGS_H 1
| #define HAVE_INTTYPES_H 1
| #define HAVE_STDINT_H 1
| #define HAVE_UNISTD_H 1
| /* end confdefs.h.  */
| #include <stdio.h>
| #ifdef HAVE_SYS_TYPES_H
| # include <sys/types.h>
| #endif
| #ifdef HAVE_SYS_STAT_H
| # include <sys/stat.h>
| #endif
| #ifdef STDC_HEADERS
| # include <stdlib.h>
| # include <stddef.h>
| #else
| # ifdef HAVE_STDLIB_H
| #  include <stdlib.h>
| # endif
| #endif
| #ifdef HAVE_STRING_H
| # if !defined STDC_HEADERS && defined HAVE_MEMORY_H
| #  include <memory.h>
| # endif
| # include <string.h>
| #endif
| #ifdef HAVE_STRINGS_H
| # include <strings.h>
| #endif
| #ifdef HAVE_INTTYPES_H
| # include <inttypes.h>
| #endif
| #ifdef HAVE_STDINT_H
| # include <stdint.h>
| #endif
| #ifdef HAVE_UNISTD_H
| # include <unistd.h>
| #endif
| #include <minix/config.h>
configure:4722: result: no
configure:4722: checking minix/config.h presence
configure:4722: gcc -E  conftest.c
conftest.c:21:10: fatal error: minix/config.h: No such file or directory
 #include <minix/config.h>
          ^~~~~~~~~~~~~~~~
compilation terminated.
configure:4722: $? = 1
configure: failed program was:
| /* confdefs.h */
| #define PACKAGE_NAME "tmux"
| #define PACKAGE_TARNAME "tmux"
| #define PACKAGE_VERSION "2.6"
| #define PACKAGE_STRING "tmux 2.6"
| #define PACKAGE_BUGREPORT ""
| #define PACKAGE_URL ""
| #define PACKAGE "tmux"
| #define VERSION "2.6"
| #define STDC_HEADERS 1
| #define HAVE_SYS_TYPES_H 1
| #define HAVE_SYS_STAT_H 1
| #define HAVE_STDLIB_H 1
| #define HAVE_STRING_H 1
| #define HAVE_MEMORY_H 1
| #define HAVE_STRINGS_H 1
| #define HAVE_INTTYPES_H 1
| #define HAVE_STDINT_H 1
| #define HAVE_UNISTD_H 1
| /* end confdefs.h.  */
| #include <minix/config.h>
configure:4722: result: no
configure:4722: checking for minix/config.h
configure:4722: result: no
configure:4743: checking whether it is safe to define __EXTENSIONS__
configure:4761: gcc -c   conftest.c >&5
configure:4761: $? = 0
configure:4768: result: yes
configure:4869: checking bitstring.h usability
configure:4869: gcc -c   conftest.c >&5
conftest.c:59:10: fatal error: bitstring.h: No such file or directory
 #include <bitstring.h>
          ^~~~~~~~~~~~~
compilation terminated.
configure:4869: $? = 1
configure: failed program was:
| /* confdefs.h */
| #define PACKAGE_NAME "tmux"
| #define PACKAGE_TARNAME "tmux"
| #define PACKAGE_VERSION "2.6"
| #define PACKAGE_STRING "tmux 2.6"
| #define PACKAGE_BUGREPORT ""
| #define PACKAGE_URL ""
| #define PACKAGE "tmux"
| #define VERSION "2.6"
| #define STDC_HEADERS 1
| #define HAVE_SYS_TYPES_H 1
| #define HAVE_SYS_STAT_H 1
| #define HAVE_STDLIB_H 1
| #define HAVE_STRING_H 1
| #define HAVE_MEMORY_H 1
| #define HAVE_STRINGS_H 1
| #define HAVE_INTTYPES_H 1
| #define HAVE_STDINT_H 1
| #define HAVE_UNISTD_H 1
| #define __EXTENSIONS__ 1
| #define _ALL_SOURCE 1
| #define _GNU_SOURCE 1
| #define _POSIX_PTHREAD_SEMANTICS 1
| #define _TANDEM_SOURCE 1
| /* end confdefs.h.  */
| #include <stdio.h>
| #ifdef HAVE_SYS_TYPES_H
| # include <sys/types.h>
| #endif
| #ifdef HAVE_SYS_STAT_H
| # include <sys/stat.h>
| #endif
| #ifdef STDC_HEADERS
| # include <stdlib.h>
| # include <stddef.h>
| #else
| # ifdef HAVE_STDLIB_H
| #  include <stdlib.h>
| # endif
| #endif
| #ifdef HAVE_STRING_H
| # if !defined STDC_HEADERS && defined HAVE_MEMORY_H
| #  include <memory.h>
| # endif
| # include <string.h>
| #endif
| #ifdef HAVE_STRINGS_H
| # include <strings.h>
| #endif
| #ifdef HAVE_INTTYPES_H
| # include <inttypes.h>
| #endif
| #ifdef HAVE_STDINT_H
| # include <stdint.h>
| #endif
| #ifdef HAVE_UNISTD_H
| # include <unistd.h>
| #endif
| #include <bitstring.h>
configure:4869: result: no
configure:4869: checking bitstring.h presence
configure:4869: gcc -E  conftest.c
conftest.c:26:10: fatal error: bitstring.h: No such file or directory
 #include <bitstring.h>
          ^~~~~~~~~~~~~
compilation terminated.
configure:4869: $? = 1
configure: failed program was:
| /* confdefs.h */
| #define PACKAGE_NAME "tmux"
| #define PACKAGE_TARNAME "tmux"
| #define PACKAGE_VERSION "2.6"
| #define PACKAGE_STRING "tmux 2.6"
| #define PACKAGE_BUGREPORT ""
| #define PACKAGE_URL ""
| #define PACKAGE "tmux"
| #define VERSION "2.6"
| #define STDC_HEADERS 1
| #define HAVE_SYS_TYPES_H 1
| #define HAVE_SYS_STAT_H 1
| #define HAVE_STDLIB_H 1
| #define HAVE_STRING_H 1
| #define HAVE_MEMORY_H 1
| #define HAVE_STRINGS_H 1
| #define HAVE_INTTYPES_H 1
| #define HAVE_STDINT_H 1
| #define HAVE_UNISTD_H 1
| #define __EXTENSIONS__ 1
| #define _ALL_SOURCE 1
| #define _GNU_SOURCE 1
| #define _POSIX_PTHREAD_SEMANTICS 1
| #define _TANDEM_SOURCE 1
| /* end confdefs.h.  */
| #include <bitstring.h>
configure:4869: result: no
configure:4869: checking for bitstring.h
configure:4869: result: no
configure:4869: checking dirent.h usability
configure:4869: gcc -c   conftest.c >&5
configure:4869: $? = 0
configure:4869: result: yes
configure:4869: checking dirent.h presence
configure:4869: gcc -E  conftest.c
configure:4869: $? = 0
configure:4869: result: yes
configure:4869: checking for dirent.h
configure:4869: result: yes
configure:4869: checking fcntl.h usability
configure:4869: gcc -c   conftest.c >&5
configure:4869: $? = 0
configure:4869: result: yes
configure:4869: checking fcntl.h presence
configure:4869: gcc -E  conftest.c
configure:4869: $? = 0
configure:4869: result: yes
configure:4869: checking for fcntl.h
configure:4869: result: yes
configure:4869: checking for inttypes.h
configure:4869: result: yes
configure:4869: checking libutil.h usability
configure:4869: gcc -c   conftest.c >&5
conftest.c:62:10: fatal error: libutil.h: No such file or directory
 #include <libutil.h>
          ^~~~~~~~~~~
compilation terminated.
configure:4869: $? = 1
configure: failed program was:
| /* confdefs.h */
| #define PACKAGE_NAME "tmux"
| #define PACKAGE_TARNAME "tmux"
| #define PACKAGE_VERSION "2.6"
| #define PACKAGE_STRING "tmux 2.6"
| #define PACKAGE_BUGREPORT ""
| #define PACKAGE_URL ""
| #define PACKAGE "tmux"
| #define VERSION "2.6"
| #define STDC_HEADERS 1
| #define HAVE_SYS_TYPES_H 1
| #define HAVE_SYS_STAT_H 1
| #define HAVE_STDLIB_H 1
| #define HAVE_STRING_H 1
| #define HAVE_MEMORY_H 1
| #define HAVE_STRINGS_H 1
| #define HAVE_INTTYPES_H 1
| #define HAVE_STDINT_H 1
| #define HAVE_UNISTD_H 1
| #define __EXTENSIONS__ 1
| #define _ALL_SOURCE 1
| #define _GNU_SOURCE 1
| #define _POSIX_PTHREAD_SEMANTICS 1
| #define _TANDEM_SOURCE 1
| #define HAVE_DIRENT_H 1
| #define HAVE_FCNTL_H 1
| #define HAVE_INTTYPES_H 1
| /* end confdefs.h.  */
| #include <stdio.h>
| #ifdef HAVE_SYS_TYPES_H
| # include <sys/types.h>
| #endif
| #ifdef HAVE_SYS_STAT_H
| # include <sys/stat.h>
| #endif
| #ifdef STDC_HEADERS
| # include <stdlib.h>
| # include <stddef.h>
| #else
| # ifdef HAVE_STDLIB_H
| #  include <stdlib.h>
| # endif
| #endif
| #ifdef HAVE_STRING_H
| # if !defined STDC_HEADERS && defined HAVE_MEMORY_H
| #  include <memory.h>
| # endif
| # include <string.h>
| #endif
| #ifdef HAVE_STRINGS_H
| # include <strings.h>
| #endif
| #ifdef HAVE_INTTYPES_H
| # include <inttypes.h>
| #endif
| #ifdef HAVE_STDINT_H
| # include <stdint.h>
| #endif
| #ifdef HAVE_UNISTD_H
| # include <unistd.h>
| #endif
| #include <libutil.h>
configure:4869: result: no
configure:4869: checking libutil.h presence
configure:4869: gcc -E  conftest.c
conftest.c:29:10: fatal error: libutil.h: No such file or directory
 #include <libutil.h>
          ^~~~~~~~~~~
compilation terminated.
configure:4869: $? = 1
configure: failed program was:
| /* confdefs.h */
| #define PACKAGE_NAME "tmux"
| #define PACKAGE_TARNAME "tmux"
| #define PACKAGE_VERSION "2.6"
| #define PACKAGE_STRING "tmux 2.6"
| #define PACKAGE_BUGREPORT ""
| #define PACKAGE_URL ""
| #define PACKAGE "tmux"
| #define VERSION "2.6"
| #define STDC_HEADERS 1
| #define HAVE_SYS_TYPES_H 1
| #define HAVE_SYS_STAT_H 1
| #define HAVE_STDLIB_H 1
| #define HAVE_STRING_H 1
| #define HAVE_MEMORY_H 1
| #define HAVE_STRINGS_H 1
| #define HAVE_INTTYPES_H 1
| #define HAVE_STDINT_H 1
| #define HAVE_UNISTD_H 1
| #define __EXTENSIONS__ 1
| #define _ALL_SOURCE 1
| #define _GNU_SOURCE 1
| #define _POSIX_PTHREAD_SEMANTICS 1
| #define _TANDEM_SOURCE 1
| #define HAVE_DIRENT_H 1
| #define HAVE_FCNTL_H 1
| #define HAVE_INTTYPES_H 1
| /* end confdefs.h.  */
| #include <libutil.h>
configure:4869: result: no
configure:4869: checking for libutil.h
configure:4869: result: no
configure:4869: checking ndir.h usability
configure:4869: gcc -c   conftest.c >&5
conftest.c:62:10: fatal error: ndir.h: No such file or directory
 #include <ndir.h>
          ^~~~~~~~
compilation terminated.
configure:4869: $? = 1
configure: failed program was:
| /* confdefs.h */
| #define PACKAGE_NAME "tmux"
| #define PACKAGE_TARNAME "tmux"
| #define PACKAGE_VERSION "2.6"
| #define PACKAGE_STRING "tmux 2.6"
| #define PACKAGE_BUGREPORT ""
| #define PACKAGE_URL ""
| #define PACKAGE "tmux"
| #define VERSION "2.6"
| #define STDC_HEADERS 1
| #define HAVE_SYS_TYPES_H 1
| #define HAVE_SYS_STAT_H 1
| #define HAVE_STDLIB_H 1
| #define HAVE_STRING_H 1
| #define HAVE_MEMORY_H 1
| #define HAVE_STRINGS_H 1
| #define HAVE_INTTYPES_H 1
| #define HAVE_STDINT_H 1
| #define HAVE_UNISTD_H 1
| #define __EXTENSIONS__ 1
| #define _ALL_SOURCE 1
| #define _GNU_SOURCE 1
| #define _POSIX_PTHREAD_SEMANTICS 1
| #define _TANDEM_SOURCE 1
| #define HAVE_DIRENT_H 1
| #define HAVE_FCNTL_H 1
| #define HAVE_INTTYPES_H 1
| /* end confdefs.h.  */
| #include <stdio.h>
| #ifdef HAVE_SYS_TYPES_H
| # include <sys/types.h>
| #endif
| #ifdef HAVE_SYS_STAT_H
| # include <sys/stat.h>
| #endif
| #ifdef STDC_HEADERS
| # include <stdlib.h>
| # include <stddef.h>
| #else
| # ifdef HAVE_STDLIB_H
| #  include <stdlib.h>
| # endif
| #endif
| #ifdef HAVE_STRING_H
| # if !defined STDC_HEADERS && defined HAVE_MEMORY_H
| #  include <memory.h>
| # endif
| # include <string.h>
| #endif
| #ifdef HAVE_STRINGS_H
| # include <strings.h>
| #endif
| #ifdef HAVE_INTTYPES_H
| # include <inttypes.h>
| #endif
| #ifdef HAVE_STDINT_H
| # include <stdint.h>
| #endif
| #ifdef HAVE_UNISTD_H
| # include <unistd.h>
| #endif
| #include <ndir.h>
configure:4869: result: no
configure:4869: checking ndir.h presence
configure:4869: gcc -E  conftest.c
conftest.c:29:10: fatal error: ndir.h: No such file or directory
 #include <ndir.h>
          ^~~~~~~~
compilation terminated.
configure:4869: $? = 1
configure: failed program was:
| /* confdefs.h */
| #define PACKAGE_NAME "tmux"
| #define PACKAGE_TARNAME "tmux"
| #define PACKAGE_VERSION "2.6"
| #define PACKAGE_STRING "tmux 2.6"
| #define PACKAGE_BUGREPORT ""
| #define PACKAGE_URL ""
| #define PACKAGE "tmux"
| #define VERSION "2.6"
| #define STDC_HEADERS 1
| #define HAVE_SYS_TYPES_H 1
| #define HAVE_SYS_STAT_H 1
| #define HAVE_STDLIB_H 1
| #define HAVE_STRING_H 1
| #define HAVE_MEMORY_H 1
| #define HAVE_STRINGS_H 1
| #define HAVE_INTTYPES_H 1
| #define HAVE_STDINT_H 1
| #define HAVE_UNISTD_H 1
| #define __EXTENSIONS__ 1
| #define _ALL_SOURCE 1
| #define _GNU_SOURCE 1
| #define _POSIX_PTHREAD_SEMANTICS 1
| #define _TANDEM_SOURCE 1
| #define HAVE_DIRENT_H 1
| #define HAVE_FCNTL_H 1
| #define HAVE_INTTYPES_H 1
| /* end confdefs.h.  */
| #include <ndir.h>
configure:4869: result: no
configure:4869: checking for ndir.h
configure:4869: result: no
configure:4869: checking paths.h usability
configure:4869: gcc -c   conftest.c >&5
configure:4869: $? = 0
configure:4869: result: yes
configure:4869: checking paths.h presence
configure:4869: gcc -E  conftest.c
configure:4869: $? = 0
configure:4869: result: yes
configure:4869: checking for paths.h
configure:4869: result: yes
configure:4869: checking pty.h usability
configure:4869: gcc -c   conftest.c >&5
configure:4869: $? = 0
configure:4869: result: yes
configure:4869: checking pty.h presence
configure:4869: gcc -E  conftest.c
configure:4869: $? = 0
configure:4869: result: yes
configure:4869: checking for pty.h
configure:4869: result: yes
configure:4869: checking for stdint.h
configure:4869: result: yes
configure:4869: checking sys/dir.h usability
configure:4869: gcc -c   conftest.c >&5
configure:4869: $? = 0
configure:4869: result: yes
configure:4869: checking sys/dir.h presence
configure:4869: gcc -E  conftest.c
configure:4869: $? = 0
configure:4869: result: yes
configure:4869: checking for sys/dir.h
configure:4869: result: yes
configure:4869: checking sys/ndir.h usability
configure:4869: gcc -c   conftest.c >&5
conftest.c:66:10: fatal error: sys/ndir.h: No such file or directory
 #include <sys/ndir.h>
          ^~~~~~~~~~~~
compilation terminated.
configure:4869: $? = 1
configure: failed program was:
| /* confdefs.h */
| #define PACKAGE_NAME "tmux"
| #define PACKAGE_TARNAME "tmux"
| #define PACKAGE_VERSION "2.6"
| #define PACKAGE_STRING "tmux 2.6"
| #define PACKAGE_BUGREPORT ""
| #define PACKAGE_URL ""
| #define PACKAGE "tmux"
| #define VERSION "2.6"
| #define STDC_HEADERS 1
| #define HAVE_SYS_TYPES_H 1
| #define HAVE_SYS_STAT_H 1
| #define HAVE_STDLIB_H 1
| #define HAVE_STRING_H 1
| #define HAVE_MEMORY_H 1
| #define HAVE_STRINGS_H 1
| #define HAVE_INTTYPES_H 1
| #define HAVE_STDINT_H 1
| #define HAVE_UNISTD_H 1
| #define __EXTENSIONS__ 1
| #define _ALL_SOURCE 1
| #define _GNU_SOURCE 1
| #define _POSIX_PTHREAD_SEMANTICS 1
| #define _TANDEM_SOURCE 1
| #define HAVE_DIRENT_H 1
| #define HAVE_FCNTL_H 1
| #define HAVE_INTTYPES_H 1
| #define HAVE_PATHS_H 1
| #define HAVE_PTY_H 1
| #define HAVE_STDINT_H 1
| #define HAVE_SYS_DIR_H 1
| /* end confdefs.h.  */
| #include <stdio.h>
| #ifdef HAVE_SYS_TYPES_H
| # include <sys/types.h>
| #endif
| #ifdef HAVE_SYS_STAT_H
| # include <sys/stat.h>
| #endif
| #ifdef STDC_HEADERS
| # include <stdlib.h>
| # include <stddef.h>
| #else
| # ifdef HAVE_STDLIB_H
| #  include <stdlib.h>
| # endif
| #endif
| #ifdef HAVE_STRING_H
| # if !defined STDC_HEADERS && defined HAVE_MEMORY_H
| #  include <memory.h>
| # endif
| # include <string.h>
| #endif
| #ifdef HAVE_STRINGS_H
| # include <strings.h>
| #endif
| #ifdef HAVE_INTTYPES_H
| # include <inttypes.h>
| #endif
| #ifdef HAVE_STDINT_H
| # include <stdint.h>
| #endif
| #ifdef HAVE_UNISTD_H
| # include <unistd.h>
| #endif
| #include <sys/ndir.h>
configure:4869: result: no
configure:4869: checking sys/ndir.h presence
configure:4869: gcc -E  conftest.c
conftest.c:33:10: fatal error: sys/ndir.h: No such file or directory
 #include <sys/ndir.h>
          ^~~~~~~~~~~~
compilation terminated.
configure:4869: $? = 1
configure: failed program was:
| /* confdefs.h */
| #define PACKAGE_NAME "tmux"
| #define PACKAGE_TARNAME "tmux"
| #define PACKAGE_VERSION "2.6"
| #define PACKAGE_STRING "tmux 2.6"
| #define PACKAGE_BUGREPORT ""
| #define PACKAGE_URL ""
| #define PACKAGE "tmux"
| #define VERSION "2.6"
| #define STDC_HEADERS 1
| #define HAVE_SYS_TYPES_H 1
| #define HAVE_SYS_STAT_H 1
| #define HAVE_STDLIB_H 1
| #define HAVE_STRING_H 1
| #define HAVE_MEMORY_H 1
| #define HAVE_STRINGS_H 1
| #define HAVE_INTTYPES_H 1
| #define HAVE_STDINT_H 1
| #define HAVE_UNISTD_H 1
| #define __EXTENSIONS__ 1
| #define _ALL_SOURCE 1
| #define _GNU_SOURCE 1
| #define _POSIX_PTHREAD_SEMANTICS 1
| #define _TANDEM_SOURCE 1
| #define HAVE_DIRENT_H 1
| #define HAVE_FCNTL_H 1
| #define HAVE_INTTYPES_H 1
| #define HAVE_PATHS_H 1
| #define HAVE_PTY_H 1
| #define HAVE_STDINT_H 1
| #define HAVE_SYS_DIR_H 1
| /* end confdefs.h.  */
| #include <sys/ndir.h>
configure:4869: result: no
configure:4869: checking for sys/ndir.h
configure:4869: result: no
configure:4869: checking sys/tree.h usability
configure:4869: gcc -c   conftest.c >&5
conftest.c:66:10: fatal error: sys/tree.h: No such file or directory
 #include <sys/tree.h>
          ^~~~~~~~~~~~
compilation terminated.
configure:4869: $? = 1
configure: failed program was:
| /* confdefs.h */
| #define PACKAGE_NAME "tmux"
| #define PACKAGE_TARNAME "tmux"
| #define PACKAGE_VERSION "2.6"
| #define PACKAGE_STRING "tmux 2.6"
| #define PACKAGE_BUGREPORT ""
| #define PACKAGE_URL ""
| #define PACKAGE "tmux"
| #define VERSION "2.6"
| #define STDC_HEADERS 1
| #define HAVE_SYS_TYPES_H 1
| #define HAVE_SYS_STAT_H 1
| #define HAVE_STDLIB_H 1
| #define HAVE_STRING_H 1
| #define HAVE_MEMORY_H 1
| #define HAVE_STRINGS_H 1
| #define HAVE_INTTYPES_H 1
| #define HAVE_STDINT_H 1
| #define HAVE_UNISTD_H 1
| #define __EXTENSIONS__ 1
| #define _ALL_SOURCE 1
| #define _GNU_SOURCE 1
| #define _POSIX_PTHREAD_SEMANTICS 1
| #define _TANDEM_SOURCE 1
| #define HAVE_DIRENT_H 1
| #define HAVE_FCNTL_H 1
| #define HAVE_INTTYPES_H 1
| #define HAVE_PATHS_H 1
| #define HAVE_PTY_H 1
| #define HAVE_STDINT_H 1
| #define HAVE_SYS_DIR_H 1
| /* end confdefs.h.  */
| #include <stdio.h>
| #ifdef HAVE_SYS_TYPES_H
| # include <sys/types.h>
| #endif
| #ifdef HAVE_SYS_STAT_H
| # include <sys/stat.h>
| #endif
| #ifdef STDC_HEADERS
| # include <stdlib.h>
| # include <stddef.h>
| #else
| # ifdef HAVE_STDLIB_H
| #  include <stdlib.h>
| # endif
| #endif
| #ifdef HAVE_STRING_H
| # if !defined STDC_HEADERS && defined HAVE_MEMORY_H
| #  include <memory.h>
| # endif
| # include <string.h>
| #endif
| #ifdef HAVE_STRINGS_H
| # include <strings.h>
| #endif
| #ifdef HAVE_INTTYPES_H
| # include <inttypes.h>
| #endif
| #ifdef HAVE_STDINT_H
| # include <stdint.h>
| #endif
| #ifdef HAVE_UNISTD_H
| # include <unistd.h>
| #endif
| #include <sys/tree.h>
configure:4869: result: no
configure:4869: checking sys/tree.h presence
configure:4869: gcc -E  conftest.c
conftest.c:33:10: fatal error: sys/tree.h: No such file or directory
 #include <sys/tree.h>
          ^~~~~~~~~~~~
compilation terminated.
configure:4869: $? = 1
configure: failed program was:
| /* confdefs.h */
| #define PACKAGE_NAME "tmux"
| #define PACKAGE_TARNAME "tmux"
| #define PACKAGE_VERSION "2.6"
| #define PACKAGE_STRING "tmux 2.6"
| #define PACKAGE_BUGREPORT ""
| #define PACKAGE_URL ""
| #define PACKAGE "tmux"
| #define VERSION "2.6"
| #define STDC_HEADERS 1
| #define HAVE_SYS_TYPES_H 1
| #define HAVE_SYS_STAT_H 1
| #define HAVE_STDLIB_H 1
| #define HAVE_STRING_H 1
| #define HAVE_MEMORY_H 1
| #define HAVE_STRINGS_H 1
| #define HAVE_INTTYPES_H 1
| #define HAVE_STDINT_H 1
| #define HAVE_UNISTD_H 1
| #define __EXTENSIONS__ 1
| #define _ALL_SOURCE 1
| #define _GNU_SOURCE 1
| #define _POSIX_PTHREAD_SEMANTICS 1
| #define _TANDEM_SOURCE 1
| #define HAVE_DIRENT_H 1
| #define HAVE_FCNTL_H 1
| #define HAVE_INTTYPES_H 1
| #define HAVE_PATHS_H 1
| #define HAVE_PTY_H 1
| #define HAVE_STDINT_H 1
| #define HAVE_SYS_DIR_H 1
| /* end confdefs.h.  */
| #include <sys/tree.h>
configure:4869: result: no
configure:4869: checking for sys/tree.h
configure:4869: result: no
configure:4869: checking util.h usability
configure:4869: gcc -c   conftest.c >&5
conftest.c:66:10: fatal error: util.h: No such file or directory
 #include <util.h>
          ^~~~~~~~
compilation terminated.
configure:4869: $? = 1
configure: failed program was:
| /* confdefs.h */
| #define PACKAGE_NAME "tmux"
| #define PACKAGE_TARNAME "tmux"
| #define PACKAGE_VERSION "2.6"
| #define PACKAGE_STRING "tmux 2.6"
| #define PACKAGE_BUGREPORT ""
| #define PACKAGE_URL ""
| #define PACKAGE "tmux"
| #define VERSION "2.6"
| #define STDC_HEADERS 1
| #define HAVE_SYS_TYPES_H 1
| #define HAVE_SYS_STAT_H 1
| #define HAVE_STDLIB_H 1
| #define HAVE_STRING_H 1
| #define HAVE_MEMORY_H 1
| #define HAVE_STRINGS_H 1
| #define HAVE_INTTYPES_H 1
| #define HAVE_STDINT_H 1
| #define HAVE_UNISTD_H 1
| #define __EXTENSIONS__ 1
| #define _ALL_SOURCE 1
| #define _GNU_SOURCE 1
| #define _POSIX_PTHREAD_SEMANTICS 1
| #define _TANDEM_SOURCE 1
| #define HAVE_DIRENT_H 1
| #define HAVE_FCNTL_H 1
| #define HAVE_INTTYPES_H 1
| #define HAVE_PATHS_H 1
| #define HAVE_PTY_H 1
| #define HAVE_STDINT_H 1
| #define HAVE_SYS_DIR_H 1
| /* end confdefs.h.  */
| #include <stdio.h>
| #ifdef HAVE_SYS_TYPES_H
| # include <sys/types.h>
| #endif
| #ifdef HAVE_SYS_STAT_H
| # include <sys/stat.h>
| #endif
| #ifdef STDC_HEADERS
| # include <stdlib.h>
| # include <stddef.h>
| #else
| # ifdef HAVE_STDLIB_H
| #  include <stdlib.h>
| # endif
| #endif
| #ifdef HAVE_STRING_H
| # if !defined STDC_HEADERS && defined HAVE_MEMORY_H
| #  include <memory.h>
| # endif
| # include <string.h>
| #endif
| #ifdef HAVE_STRINGS_H
| # include <strings.h>
| #endif
| #ifdef HAVE_INTTYPES_H
| # include <inttypes.h>
| #endif
| #ifdef HAVE_STDINT_H
| # include <stdint.h>
| #endif
| #ifdef HAVE_UNISTD_H
| # include <unistd.h>
| #endif
| #include <util.h>
configure:4869: result: no
configure:4869: checking util.h presence
configure:4869: gcc -E  conftest.c
conftest.c:33:10: fatal error: util.h: No such file or directory
 #include <util.h>
          ^~~~~~~~
compilation terminated.
configure:4869: $? = 1
configure: failed program was:
| /* confdefs.h */
| #define PACKAGE_NAME "tmux"
| #define PACKAGE_TARNAME "tmux"
| #define PACKAGE_VERSION "2.6"
| #define PACKAGE_STRING "tmux 2.6"
| #define PACKAGE_BUGREPORT ""
| #define PACKAGE_URL ""
| #define PACKAGE "tmux"
| #define VERSION "2.6"
| #define STDC_HEADERS 1
| #define HAVE_SYS_TYPES_H 1
| #define HAVE_SYS_STAT_H 1
| #define HAVE_STDLIB_H 1
| #define HAVE_STRING_H 1
| #define HAVE_MEMORY_H 1
| #define HAVE_STRINGS_H 1
| #define HAVE_INTTYPES_H 1
| #define HAVE_STDINT_H 1
| #define HAVE_UNISTD_H 1
| #define __EXTENSIONS__ 1
| #define _ALL_SOURCE 1
| #define _GNU_SOURCE 1
| #define _POSIX_PTHREAD_SEMANTICS 1
| #define _TANDEM_SOURCE 1
| #define HAVE_DIRENT_H 1
| #define HAVE_FCNTL_H 1
| #define HAVE_INTTYPES_H 1
| #define HAVE_PATHS_H 1
| #define HAVE_PTY_H 1
| #define HAVE_STDINT_H 1
| #define HAVE_SYS_DIR_H 1
| /* end confdefs.h.  */
| #include <util.h>
configure:4869: result: no
configure:4869: checking for util.h
configure:4869: result: no
configure:4881: checking for library containing flock
configure:4912: gcc -o conftest    conftest.c  >&5
configure:4912: $? = 0
configure:4929: result: none required
configure:4947: checking for dirfd
configure:4947: gcc -o conftest    conftest.c  >&5
configure:4947: $? = 0
configure:4947: result: yes
configure:4947: checking for flock
configure:4947: gcc -o conftest    conftest.c  >&5
configure:4947: $? = 0
configure:4947: result: yes
configure:4947: checking for prctl
configure:4947: gcc -o conftest    conftest.c  >&5
configure:4947: $? = 0
configure:4947: result: yes
configure:4947: checking for sysconf
configure:4947: gcc -o conftest    conftest.c  >&5
configure:4947: $? = 0
configure:4947: result: yes
configure:4958: checking for asprintf
configure:4958: gcc -o conftest    conftest.c  >&5
configure:4958: $? = 0
configure:4958: result: yes
configure:4971: checking for cfmakeraw
configure:4971: gcc -o conftest    conftest.c  >&5
configure:4971: $? = 0
configure:4971: result: yes
configure:4984: checking for closefrom
configure:4984: gcc -o conftest    conftest.c  >&5
/tmp/cc8EeAPV.o: In function `main':
conftest.c:(.text+0xa): undefined reference to `closefrom'
collect2: error: ld returned 1 exit status
configure:4984: $? = 1
configure: failed program was:
| /* confdefs.h */
| #define PACKAGE_NAME "tmux"
| #define PACKAGE_TARNAME "tmux"
| #define PACKAGE_VERSION "2.6"
| #define PACKAGE_STRING "tmux 2.6"
| #define PACKAGE_BUGREPORT ""
| #define PACKAGE_URL ""
| #define PACKAGE "tmux"
| #define VERSION "2.6"
| #define STDC_HEADERS 1
| #define HAVE_SYS_TYPES_H 1
| #define HAVE_SYS_STAT_H 1
| #define HAVE_STDLIB_H 1
| #define HAVE_STRING_H 1
| #define HAVE_MEMORY_H 1
| #define HAVE_STRINGS_H 1
| #define HAVE_INTTYPES_H 1
| #define HAVE_STDINT_H 1
| #define HAVE_UNISTD_H 1
| #define __EXTENSIONS__ 1
| #define _ALL_SOURCE 1
| #define _GNU_SOURCE 1
| #define _POSIX_PTHREAD_SEMANTICS 1
| #define _TANDEM_SOURCE 1
| #define HAVE_DIRENT_H 1
| #define HAVE_FCNTL_H 1
| #define HAVE_INTTYPES_H 1
| #define HAVE_PATHS_H 1
| #define HAVE_PTY_H 1
| #define HAVE_STDINT_H 1
| #define HAVE_SYS_DIR_H 1
| #define HAVE_DIRFD 1
| #define HAVE_FLOCK 1
| #define HAVE_PRCTL 1
| #define HAVE_SYSCONF 1
| #define HAVE_ASPRINTF 1
| #define HAVE_CFMAKERAW 1
| /* end confdefs.h.  */
| /* Define closefrom to an innocuous variant, in case <limits.h> declares closefrom.
|    For example, HP-UX 11i <limits.h> declares gettimeofday.  */
| #define closefrom innocuous_closefrom
| 
| /* System header to define __stub macros and hopefully few prototypes,
|     which can conflict with char closefrom (); below.
|     Prefer <limits.h> to <assert.h> if __STDC__ is defined, since
|     <limits.h> exists even on freestanding compilers.  */
| 
| #ifdef __STDC__
| # include <limits.h>
| #else
| # include <assert.h>
| #endif
| 
| #undef closefrom
| 
| /* Override any GCC internal prototype to avoid an error.
|    Use char because int might match the return type of a GCC
|    builtin and then its argument prototype would still apply.  */
| #ifdef __cplusplus
| extern "C"
| #endif
| char closefrom ();
| /* The GNU C library defines this for functions which it implements
|     to always fail with ENOSYS.  Some functions are actually named
|     something starting with __ and the normal name is an alias.  */
| #if defined __stub_closefrom || defined __stub___closefrom
| choke me
| #endif
| 
| int
| main ()
| {
| return closefrom ();
|   ;
|   return 0;
| }
configure:4984: result: no
configure:4997: checking for explicit_bzero
configure:4997: gcc -o conftest    conftest.c  >&5
configure:4997: $? = 0
configure:4997: result: yes
configure:5010: checking for fgetln
configure:5010: gcc -o conftest    conftest.c  >&5
/tmp/ccoPXvJ4.o: In function `main':
conftest.c:(.text+0xa): undefined reference to `fgetln'
collect2: error: ld returned 1 exit status
configure:5010: $? = 1
configure: failed program was:
| /* confdefs.h */
| #define PACKAGE_NAME "tmux"
| #define PACKAGE_TARNAME "tmux"
| #define PACKAGE_VERSION "2.6"
| #define PACKAGE_STRING "tmux 2.6"
| #define PACKAGE_BUGREPORT ""
| #define PACKAGE_URL ""
| #define PACKAGE "tmux"
| #define VERSION "2.6"
| #define STDC_HEADERS 1
| #define HAVE_SYS_TYPES_H 1
| #define HAVE_SYS_STAT_H 1
| #define HAVE_STDLIB_H 1
| #define HAVE_STRING_H 1
| #define HAVE_MEMORY_H 1
| #define HAVE_STRINGS_H 1
| #define HAVE_INTTYPES_H 1
| #define HAVE_STDINT_H 1
| #define HAVE_UNISTD_H 1
| #define __EXTENSIONS__ 1
| #define _ALL_SOURCE 1
| #define _GNU_SOURCE 1
| #define _POSIX_PTHREAD_SEMANTICS 1
| #define _TANDEM_SOURCE 1
| #define HAVE_DIRENT_H 1
| #define HAVE_FCNTL_H 1
| #define HAVE_INTTYPES_H 1
| #define HAVE_PATHS_H 1
| #define HAVE_PTY_H 1
| #define HAVE_STDINT_H 1
| #define HAVE_SYS_DIR_H 1
| #define HAVE_DIRFD 1
| #define HAVE_FLOCK 1
| #define HAVE_PRCTL 1
| #define HAVE_SYSCONF 1
| #define HAVE_ASPRINTF 1
| #define HAVE_CFMAKERAW 1
| #define HAVE_EXPLICIT_BZERO 1
| /* end confdefs.h.  */
| /* Define fgetln to an innocuous variant, in case <limits.h> declares fgetln.
|    For example, HP-UX 11i <limits.h> declares gettimeofday.  */
| #define fgetln innocuous_fgetln
| 
| /* System header to define __stub macros and hopefully few prototypes,
|     which can conflict with char fgetln (); below.
|     Prefer <limits.h> to <assert.h> if __STDC__ is defined, since
|     <limits.h> exists even on freestanding compilers.  */
| 
| #ifdef __STDC__
| # include <limits.h>
| #else
| # include <assert.h>
| #endif
| 
| #undef fgetln
| 
| /* Override any GCC internal prototype to avoid an error.
|    Use char because int might match the return type of a GCC
|    builtin and then its argument prototype would still apply.  */
| #ifdef __cplusplus
| extern "C"
| #endif
| char fgetln ();
| /* The GNU C library defines this for functions which it implements
|     to always fail with ENOSYS.  Some functions are actually named
|     something starting with __ and the normal name is an alias.  */
| #if defined __stub_fgetln || defined __stub___fgetln
| choke me
| #endif
| 
| int
| main ()
| {
| return fgetln ();
|   ;
|   return 0;
| }
configure:5010: result: no
configure:5023: checking for freezero
configure:5023: gcc -o conftest    conftest.c  >&5
/tmp/ccDR3WTd.o: In function `main':
conftest.c:(.text+0xa): undefined reference to `freezero'
collect2: error: ld returned 1 exit status
configure:5023: $? = 1
configure: failed program was:
| /* confdefs.h */
| #define PACKAGE_NAME "tmux"
| #define PACKAGE_TARNAME "tmux"
| #define PACKAGE_VERSION "2.6"
| #define PACKAGE_STRING "tmux 2.6"
| #define PACKAGE_BUGREPORT ""
| #define PACKAGE_URL ""
| #define PACKAGE "tmux"
| #define VERSION "2.6"
| #define STDC_HEADERS 1
| #define HAVE_SYS_TYPES_H 1
| #define HAVE_SYS_STAT_H 1
| #define HAVE_STDLIB_H 1
| #define HAVE_STRING_H 1
| #define HAVE_MEMORY_H 1
| #define HAVE_STRINGS_H 1
| #define HAVE_INTTYPES_H 1
| #define HAVE_STDINT_H 1
| #define HAVE_UNISTD_H 1
| #define __EXTENSIONS__ 1
| #define _ALL_SOURCE 1
| #define _GNU_SOURCE 1
| #define _POSIX_PTHREAD_SEMANTICS 1
| #define _TANDEM_SOURCE 1
| #define HAVE_DIRENT_H 1
| #define HAVE_FCNTL_H 1
| #define HAVE_INTTYPES_H 1
| #define HAVE_PATHS_H 1
| #define HAVE_PTY_H 1
| #define HAVE_STDINT_H 1
| #define HAVE_SYS_DIR_H 1
| #define HAVE_DIRFD 1
| #define HAVE_FLOCK 1
| #define HAVE_PRCTL 1
| #define HAVE_SYSCONF 1
| #define HAVE_ASPRINTF 1
| #define HAVE_CFMAKERAW 1
| #define HAVE_EXPLICIT_BZERO 1
| /* end confdefs.h.  */
| /* Define freezero to an innocuous variant, in case <limits.h> declares freezero.
|    For example, HP-UX 11i <limits.h> declares gettimeofday.  */
| #define freezero innocuous_freezero
| 
| /* System header to define __stub macros and hopefully few prototypes,
|     which can conflict with char freezero (); below.
|     Prefer <limits.h> to <assert.h> if __STDC__ is defined, since
|     <limits.h> exists even on freestanding compilers.  */
| 
| #ifdef __STDC__
| # include <limits.h>
| #else
| # include <assert.h>
| #endif
| 
| #undef freezero
| 
| /* Override any GCC internal prototype to avoid an error.
|    Use char because int might match the return type of a GCC
|    builtin and then its argument prototype would still apply.  */
| #ifdef __cplusplus
| extern "C"
| #endif
| char freezero ();
| /* The GNU C library defines this for functions which it implements
|     to always fail with ENOSYS.  Some functions are actually named
|     something starting with __ and the normal name is an alias.  */
| #if defined __stub_freezero || defined __stub___freezero
| choke me
| #endif
| 
| int
| main ()
| {
| return freezero ();
|   ;
|   return 0;
| }
configure:5023: result: no
configure:5036: checking for getdtablecount
configure:5036: gcc -o conftest    conftest.c  >&5
/tmp/ccwhrYsi.o: In function `main':
conftest.c:(.text+0xa): undefined reference to `getdtablecount'
collect2: error: ld returned 1 exit status
configure:5036: $? = 1
configure: failed program was:
| /* confdefs.h */
| #define PACKAGE_NAME "tmux"
| #define PACKAGE_TARNAME "tmux"
| #define PACKAGE_VERSION "2.6"
| #define PACKAGE_STRING "tmux 2.6"
| #define PACKAGE_BUGREPORT ""
| #define PACKAGE_URL ""
| #define PACKAGE "tmux"
| #define VERSION "2.6"
| #define STDC_HEADERS 1
| #define HAVE_SYS_TYPES_H 1
| #define HAVE_SYS_STAT_H 1
| #define HAVE_STDLIB_H 1
| #define HAVE_STRING_H 1
| #define HAVE_MEMORY_H 1
| #define HAVE_STRINGS_H 1
| #define HAVE_INTTYPES_H 1
| #define HAVE_STDINT_H 1
| #define HAVE_UNISTD_H 1
| #define __EXTENSIONS__ 1
| #define _ALL_SOURCE 1
| #define _GNU_SOURCE 1
| #define _POSIX_PTHREAD_SEMANTICS 1
| #define _TANDEM_SOURCE 1
| #define HAVE_DIRENT_H 1
| #define HAVE_FCNTL_H 1
| #define HAVE_INTTYPES_H 1
| #define HAVE_PATHS_H 1
| #define HAVE_PTY_H 1
| #define HAVE_STDINT_H 1
| #define HAVE_SYS_DIR_H 1
| #define HAVE_DIRFD 1
| #define HAVE_FLOCK 1
| #define HAVE_PRCTL 1
| #define HAVE_SYSCONF 1
| #define HAVE_ASPRINTF 1
| #define HAVE_CFMAKERAW 1
| #define HAVE_EXPLICIT_BZERO 1
| /* end confdefs.h.  */
| /* Define getdtablecount to an innocuous variant, in case <limits.h> declares getdtablecount.
|    For example, HP-UX 11i <limits.h> declares gettimeofday.  */
| #define getdtablecount innocuous_getdtablecount
| 
| /* System header to define __stub macros and hopefully few prototypes,
|     which can conflict with char getdtablecount (); below.
|     Prefer <limits.h> to <assert.h> if __STDC__ is defined, since
|     <limits.h> exists even on freestanding compilers.  */
| 
| #ifdef __STDC__
| # include <limits.h>
| #else
| # include <assert.h>
| #endif
| 
| #undef getdtablecount
| 
| /* Override any GCC internal prototype to avoid an error.
|    Use char because int might match the return type of a GCC
|    builtin and then its argument prototype would still apply.  */
| #ifdef __cplusplus
| extern "C"
| #endif
| char getdtablecount ();
| /* The GNU C library defines this for functions which it implements
|     to always fail with ENOSYS.  Some functions are actually named
|     something starting with __ and the normal name is an alias.  */
| #if defined __stub_getdtablecount || defined __stub___getdtablecount
| choke me
| #endif
| 
| int
| main ()
| {
| return getdtablecount ();
|   ;
|   return 0;
| }
configure:5036: result: no
configure:5049: checking for getprogname
configure:5049: gcc -o conftest    conftest.c  >&5
/tmp/cccAGTKl.o: In function `main':
conftest.c:(.text+0xa): undefined reference to `getprogname'
collect2: error: ld returned 1 exit status
configure:5049: $? = 1
configure: failed program was:
| /* confdefs.h */
| #define PACKAGE_NAME "tmux"
| #define PACKAGE_TARNAME "tmux"
| #define PACKAGE_VERSION "2.6"
| #define PACKAGE_STRING "tmux 2.6"
| #define PACKAGE_BUGREPORT ""
| #define PACKAGE_URL ""
| #define PACKAGE "tmux"
| #define VERSION "2.6"
| #define STDC_HEADERS 1
| #define HAVE_SYS_TYPES_H 1
| #define HAVE_SYS_STAT_H 1
| #define HAVE_STDLIB_H 1
| #define HAVE_STRING_H 1
| #define HAVE_MEMORY_H 1
| #define HAVE_STRINGS_H 1
| #define HAVE_INTTYPES_H 1
| #define HAVE_STDINT_H 1
| #define HAVE_UNISTD_H 1
| #define __EXTENSIONS__ 1
| #define _ALL_SOURCE 1
| #define _GNU_SOURCE 1
| #define _POSIX_PTHREAD_SEMANTICS 1
| #define _TANDEM_SOURCE 1
| #define HAVE_DIRENT_H 1
| #define HAVE_FCNTL_H 1
| #define HAVE_INTTYPES_H 1
| #define HAVE_PATHS_H 1
| #define HAVE_PTY_H 1
| #define HAVE_STDINT_H 1
| #define HAVE_SYS_DIR_H 1
| #define HAVE_DIRFD 1
| #define HAVE_FLOCK 1
| #define HAVE_PRCTL 1
| #define HAVE_SYSCONF 1
| #define HAVE_ASPRINTF 1
| #define HAVE_CFMAKERAW 1
| #define HAVE_EXPLICIT_BZERO 1
| /* end confdefs.h.  */
| /* Define getprogname to an innocuous variant, in case <limits.h> declares getprogname.
|    For example, HP-UX 11i <limits.h> declares gettimeofday.  */
| #define getprogname innocuous_getprogname
| 
| /* System header to define __stub macros and hopefully few prototypes,
|     which can conflict with char getprogname (); below.
|     Prefer <limits.h> to <assert.h> if __STDC__ is defined, since
|     <limits.h> exists even on freestanding compilers.  */
| 
| #ifdef __STDC__
| # include <limits.h>
| #else
| # include <assert.h>
| #endif
| 
| #undef getprogname
| 
| /* Override any GCC internal prototype to avoid an error.
|    Use char because int might match the return type of a GCC
|    builtin and then its argument prototype would still apply.  */
| #ifdef __cplusplus
| extern "C"
| #endif
| char getprogname ();
| /* The GNU C library defines this for functions which it implements
|     to always fail with ENOSYS.  Some functions are actually named
|     something starting with __ and the normal name is an alias.  */
| #if defined __stub_getprogname || defined __stub___getprogname
| choke me
| #endif
| 
| int
| main ()
| {
| return getprogname ();
|   ;
|   return 0;
| }
configure:5049: result: no
configure:5062: checking for memmem
configure:5062: gcc -o conftest    conftest.c  >&5
configure:5062: $? = 0
configure:5062: result: yes
configure:5075: checking for recallocarray
configure:5075: gcc -o conftest    conftest.c  >&5
/tmp/cchgTnsy.o: In function `main':
conftest.c:(.text+0xa): undefined reference to `recallocarray'
collect2: error: ld returned 1 exit status
configure:5075: $? = 1
configure: failed program was:
| /* confdefs.h */
| #define PACKAGE_NAME "tmux"
| #define PACKAGE_TARNAME "tmux"
| #define PACKAGE_VERSION "2.6"
| #define PACKAGE_STRING "tmux 2.6"
| #define PACKAGE_BUGREPORT ""
| #define PACKAGE_URL ""
| #define PACKAGE "tmux"
| #define VERSION "2.6"
| #define STDC_HEADERS 1
| #define HAVE_SYS_TYPES_H 1
| #define HAVE_SYS_STAT_H 1
| #define HAVE_STDLIB_H 1
| #define HAVE_STRING_H 1
| #define HAVE_MEMORY_H 1
| #define HAVE_STRINGS_H 1
| #define HAVE_INTTYPES_H 1
| #define HAVE_STDINT_H 1
| #define HAVE_UNISTD_H 1
| #define __EXTENSIONS__ 1
| #define _ALL_SOURCE 1
| #define _GNU_SOURCE 1
| #define _POSIX_PTHREAD_SEMANTICS 1
| #define _TANDEM_SOURCE 1
| #define HAVE_DIRENT_H 1
| #define HAVE_FCNTL_H 1
| #define HAVE_INTTYPES_H 1
| #define HAVE_PATHS_H 1
| #define HAVE_PTY_H 1
| #define HAVE_STDINT_H 1
| #define HAVE_SYS_DIR_H 1
| #define HAVE_DIRFD 1
| #define HAVE_FLOCK 1
| #define HAVE_PRCTL 1
| #define HAVE_SYSCONF 1
| #define HAVE_ASPRINTF 1
| #define HAVE_CFMAKERAW 1
| #define HAVE_EXPLICIT_BZERO 1
| #define HAVE_MEMMEM 1
| /* end confdefs.h.  */
| /* Define recallocarray to an innocuous variant, in case <limits.h> declares recallocarray.
|    For example, HP-UX 11i <limits.h> declares gettimeofday.  */
| #define recallocarray innocuous_recallocarray
| 
| /* System header to define __stub macros and hopefully few prototypes,
|     which can conflict with char recallocarray (); below.
|     Prefer <limits.h> to <assert.h> if __STDC__ is defined, since
|     <limits.h> exists even on freestanding compilers.  */
| 
| #ifdef __STDC__
| # include <limits.h>
| #else
| # include <assert.h>
| #endif
| 
| #undef recallocarray
| 
| /* Override any GCC internal prototype to avoid an error.
|    Use char because int might match the return type of a GCC
|    builtin and then its argument prototype would still apply.  */
| #ifdef __cplusplus
| extern "C"
| #endif
| char recallocarray ();
| /* The GNU C library defines this for functions which it implements
|     to always fail with ENOSYS.  Some functions are actually named
|     something starting with __ and the normal name is an alias.  */
| #if defined __stub_recallocarray || defined __stub___recallocarray
| choke me
| #endif
| 
| int
| main ()
| {
| return recallocarray ();
|   ;
|   return 0;
| }
configure:5075: result: no
configure:5088: checking for reallocarray
configure:5088: gcc -o conftest    conftest.c  >&5
configure:5088: $? = 0
configure:5088: result: yes
configure:5101: checking for setenv
configure:5101: gcc -o conftest    conftest.c  >&5
configure:5101: $? = 0
configure:5101: result: yes
configure:5114: checking for setproctitle
configure:5114: gcc -o conftest    conftest.c  >&5
/tmp/cc134eHE.o: In function `main':
conftest.c:(.text+0xa): undefined reference to `setproctitle'
collect2: error: ld returned 1 exit status
configure:5114: $? = 1
configure: failed program was:
| /* confdefs.h */
| #define PACKAGE_NAME "tmux"
| #define PACKAGE_TARNAME "tmux"
| #define PACKAGE_VERSION "2.6"
| #define PACKAGE_STRING "tmux 2.6"
| #define PACKAGE_BUGREPORT ""
| #define PACKAGE_URL ""
| #define PACKAGE "tmux"
| #define VERSION "2.6"
| #define STDC_HEADERS 1
| #define HAVE_SYS_TYPES_H 1
| #define HAVE_SYS_STAT_H 1
| #define HAVE_STDLIB_H 1
| #define HAVE_STRING_H 1
| #define HAVE_MEMORY_H 1
| #define HAVE_STRINGS_H 1
| #define HAVE_INTTYPES_H 1
| #define HAVE_STDINT_H 1
| #define HAVE_UNISTD_H 1
| #define __EXTENSIONS__ 1
| #define _ALL_SOURCE 1
| #define _GNU_SOURCE 1
| #define _POSIX_PTHREAD_SEMANTICS 1
| #define _TANDEM_SOURCE 1
| #define HAVE_DIRENT_H 1
| #define HAVE_FCNTL_H 1
| #define HAVE_INTTYPES_H 1
| #define HAVE_PATHS_H 1
| #define HAVE_PTY_H 1
| #define HAVE_STDINT_H 1
| #define HAVE_SYS_DIR_H 1
| #define HAVE_DIRFD 1
| #define HAVE_FLOCK 1
| #define HAVE_PRCTL 1
| #define HAVE_SYSCONF 1
| #define HAVE_ASPRINTF 1
| #define HAVE_CFMAKERAW 1
| #define HAVE_EXPLICIT_BZERO 1
| #define HAVE_MEMMEM 1
| #define HAVE_REALLOCARRAY 1
| #define HAVE_SETENV 1
| /* end confdefs.h.  */
| /* Define setproctitle to an innocuous variant, in case <limits.h> declares setproctitle.
|    For example, HP-UX 11i <limits.h> declares gettimeofday.  */
| #define setproctitle innocuous_setproctitle
| 
| /* System header to define __stub macros and hopefully few prototypes,
|     which can conflict with char setproctitle (); below.
|     Prefer <limits.h> to <assert.h> if __STDC__ is defined, since
|     <limits.h> exists even on freestanding compilers.  */
| 
| #ifdef __STDC__
| # include <limits.h>
| #else
| # include <assert.h>
| #endif
| 
| #undef setproctitle
| 
| /* Override any GCC internal prototype to avoid an error.
|    Use char because int might match the return type of a GCC
|    builtin and then its argument prototype would still apply.  */
| #ifdef __cplusplus
| extern "C"
| #endif
| char setproctitle ();
| /* The GNU C library defines this for functions which it implements
|     to always fail with ENOSYS.  Some functions are actually named
|     something starting with __ and the normal name is an alias.  */
| #if defined __stub_setproctitle || defined __stub___setproctitle
| choke me
| #endif
| 
| int
| main ()
| {
| return setproctitle ();
|   ;
|   return 0;
| }
configure:5114: result: no
configure:5127: checking for strcasestr
configure:5127: gcc -o conftest    conftest.c  >&5
configure:5127: $? = 0
configure:5127: result: yes
configure:5140: checking for strlcat
configure:5140: gcc -o conftest    conftest.c  >&5
/tmp/ccmcgENS.o: In function `main':
conftest.c:(.text+0xa): undefined reference to `strlcat'
collect2: error: ld returned 1 exit status
configure:5140: $? = 1
configure: failed program was:
| /* confdefs.h */
| #define PACKAGE_NAME "tmux"
| #define PACKAGE_TARNAME "tmux"
| #define PACKAGE_VERSION "2.6"
| #define PACKAGE_STRING "tmux 2.6"
| #define PACKAGE_BUGREPORT ""
| #define PACKAGE_URL ""
| #define PACKAGE "tmux"
| #define VERSION "2.6"
| #define STDC_HEADERS 1
| #define HAVE_SYS_TYPES_H 1
| #define HAVE_SYS_STAT_H 1
| #define HAVE_STDLIB_H 1
| #define HAVE_STRING_H 1
| #define HAVE_MEMORY_H 1
| #define HAVE_STRINGS_H 1
| #define HAVE_INTTYPES_H 1
| #define HAVE_STDINT_H 1
| #define HAVE_UNISTD_H 1
| #define __EXTENSIONS__ 1
| #define _ALL_SOURCE 1
| #define _GNU_SOURCE 1
| #define _POSIX_PTHREAD_SEMANTICS 1
| #define _TANDEM_SOURCE 1
| #define HAVE_DIRENT_H 1
| #define HAVE_FCNTL_H 1
| #define HAVE_INTTYPES_H 1
| #define HAVE_PATHS_H 1
| #define HAVE_PTY_H 1
| #define HAVE_STDINT_H 1
| #define HAVE_SYS_DIR_H 1
| #define HAVE_DIRFD 1
| #define HAVE_FLOCK 1
| #define HAVE_PRCTL 1
| #define HAVE_SYSCONF 1
| #define HAVE_ASPRINTF 1
| #define HAVE_CFMAKERAW 1
| #define HAVE_EXPLICIT_BZERO 1
| #define HAVE_MEMMEM 1
| #define HAVE_REALLOCARRAY 1
| #define HAVE_SETENV 1
| #define HAVE_STRCASESTR 1
| /* end confdefs.h.  */
| /* Define strlcat to an innocuous variant, in case <limits.h> declares strlcat.
|    For example, HP-UX 11i <limits.h> declares gettimeofday.  */
| #define strlcat innocuous_strlcat
| 
| /* System header to define __stub macros and hopefully few prototypes,
|     which can conflict with char strlcat (); below.
|     Prefer <limits.h> to <assert.h> if __STDC__ is defined, since
|     <limits.h> exists even on freestanding compilers.  */
| 
| #ifdef __STDC__
| # include <limits.h>
| #else
| # include <assert.h>
| #endif
| 
| #undef strlcat
| 
| /* Override any GCC internal prototype to avoid an error.
|    Use char because int might match the return type of a GCC
|    builtin and then its argument prototype would still apply.  */
| #ifdef __cplusplus
| extern "C"
| #endif
| char strlcat ();
| /* The GNU C library defines this for functions which it implements
|     to always fail with ENOSYS.  Some functions are actually named
|     something starting with __ and the normal name is an alias.  */
| #if defined __stub_strlcat || defined __stub___strlcat
| choke me
| #endif
| 
| int
| main ()
| {
| return strlcat ();
|   ;
|   return 0;
| }
configure:5140: result: no
configure:5153: checking for strlcpy
configure:5153: gcc -o conftest    conftest.c  >&5
/tmp/ccVuvKDW.o: In function `main':
conftest.c:(.text+0xa): undefined reference to `strlcpy'
collect2: error: ld returned 1 exit status
configure:5153: $? = 1
configure: failed program was:
| /* confdefs.h */
| #define PACKAGE_NAME "tmux"
| #define PACKAGE_TARNAME "tmux"
| #define PACKAGE_VERSION "2.6"
| #define PACKAGE_STRING "tmux 2.6"
| #define PACKAGE_BUGREPORT ""
| #define PACKAGE_URL ""
| #define PACKAGE "tmux"
| #define VERSION "2.6"
| #define STDC_HEADERS 1
| #define HAVE_SYS_TYPES_H 1
| #define HAVE_SYS_STAT_H 1
| #define HAVE_STDLIB_H 1
| #define HAVE_STRING_H 1
| #define HAVE_MEMORY_H 1
| #define HAVE_STRINGS_H 1
| #define HAVE_INTTYPES_H 1
| #define HAVE_STDINT_H 1
| #define HAVE_UNISTD_H 1
| #define __EXTENSIONS__ 1
| #define _ALL_SOURCE 1
| #define _GNU_SOURCE 1
| #define _POSIX_PTHREAD_SEMANTICS 1
| #define _TANDEM_SOURCE 1
| #define HAVE_DIRENT_H 1
| #define HAVE_FCNTL_H 1
| #define HAVE_INTTYPES_H 1
| #define HAVE_PATHS_H 1
| #define HAVE_PTY_H 1
| #define HAVE_STDINT_H 1
| #define HAVE_SYS_DIR_H 1
| #define HAVE_DIRFD 1
| #define HAVE_FLOCK 1
| #define HAVE_PRCTL 1
| #define HAVE_SYSCONF 1
| #define HAVE_ASPRINTF 1
| #define HAVE_CFMAKERAW 1
| #define HAVE_EXPLICIT_BZERO 1
| #define HAVE_MEMMEM 1
| #define HAVE_REALLOCARRAY 1
| #define HAVE_SETENV 1
| #define HAVE_STRCASESTR 1
| /* end confdefs.h.  */
| /* Define strlcpy to an innocuous variant, in case <limits.h> declares strlcpy.
|    For example, HP-UX 11i <limits.h> declares gettimeofday.  */
| #define strlcpy innocuous_strlcpy
| 
| /* System header to define __stub macros and hopefully few prototypes,
|     which can conflict with char strlcpy (); below.
|     Prefer <limits.h> to <assert.h> if __STDC__ is defined, since
|     <limits.h> exists even on freestanding compilers.  */
| 
| #ifdef __STDC__
| # include <limits.h>
| #else
| # include <assert.h>
| #endif
| 
| #undef strlcpy
| 
| /* Override any GCC internal prototype to avoid an error.
|    Use char because int might match the return type of a GCC
|    builtin and then its argument prototype would still apply.  */
| #ifdef __cplusplus
| extern "C"
| #endif
| char strlcpy ();
| /* The GNU C library defines this for functions which it implements
|     to always fail with ENOSYS.  Some functions are actually named
|     something starting with __ and the normal name is an alias.  */
| #if defined __stub_strlcpy || defined __stub___strlcpy
| choke me
| #endif
| 
| int
| main ()
| {
| return strlcpy ();
|   ;
|   return 0;
| }
configure:5153: result: no
configure:5166: checking for strndup
configure:5166: gcc -o conftest    conftest.c  >&5
conftest.c:67:6: warning: conflicting types for built-in function 'strndup' [-Wbuiltin-declaration-mismatch]
 char strndup ();
      ^~~~~~~
configure:5166: $? = 0
configure:5166: result: yes
configure:5179: checking for strsep
configure:5179: gcc -o conftest    conftest.c  >&5
configure:5179: $? = 0
configure:5179: result: yes
configure:5192: checking for strtonum
configure:5192: gcc -o conftest    conftest.c  >&5
/tmp/ccR69V4d.o: In function `main':
conftest.c:(.text+0xa): undefined reference to `strtonum'
collect2: error: ld returned 1 exit status
configure:5192: $? = 1
configure: failed program was:
| /* confdefs.h */
| #define PACKAGE_NAME "tmux"
| #define PACKAGE_TARNAME "tmux"
| #define PACKAGE_VERSION "2.6"
| #define PACKAGE_STRING "tmux 2.6"
| #define PACKAGE_BUGREPORT ""
| #define PACKAGE_URL ""
| #define PACKAGE "tmux"
| #define VERSION "2.6"
| #define STDC_HEADERS 1
| #define HAVE_SYS_TYPES_H 1
| #define HAVE_SYS_STAT_H 1
| #define HAVE_STDLIB_H 1
| #define HAVE_STRING_H 1
| #define HAVE_MEMORY_H 1
| #define HAVE_STRINGS_H 1
| #define HAVE_INTTYPES_H 1
| #define HAVE_STDINT_H 1
| #define HAVE_UNISTD_H 1
| #define __EXTENSIONS__ 1
| #define _ALL_SOURCE 1
| #define _GNU_SOURCE 1
| #define _POSIX_PTHREAD_SEMANTICS 1
| #define _TANDEM_SOURCE 1
| #define HAVE_DIRENT_H 1
| #define HAVE_FCNTL_H 1
| #define HAVE_INTTYPES_H 1
| #define HAVE_PATHS_H 1
| #define HAVE_PTY_H 1
| #define HAVE_STDINT_H 1
| #define HAVE_SYS_DIR_H 1
| #define HAVE_DIRFD 1
| #define HAVE_FLOCK 1
| #define HAVE_PRCTL 1
| #define HAVE_SYSCONF 1
| #define HAVE_ASPRINTF 1
| #define HAVE_CFMAKERAW 1
| #define HAVE_EXPLICIT_BZERO 1
| #define HAVE_MEMMEM 1
| #define HAVE_REALLOCARRAY 1
| #define HAVE_SETENV 1
| #define HAVE_STRCASESTR 1
| #define HAVE_STRNDUP 1
| #define HAVE_STRSEP 1
| /* end confdefs.h.  */
| /* Define strtonum to an innocuous variant, in case <limits.h> declares strtonum.
|    For example, HP-UX 11i <limits.h> declares gettimeofday.  */
| #define strtonum innocuous_strtonum
| 
| /* System header to define __stub macros and hopefully few prototypes,
|     which can conflict with char strtonum (); below.
|     Prefer <limits.h> to <assert.h> if __STDC__ is defined, since
|     <limits.h> exists even on freestanding compilers.  */
| 
| #ifdef __STDC__
| # include <limits.h>
| #else
| # include <assert.h>
| #endif
| 
| #undef strtonum
| 
| /* Override any GCC internal prototype to avoid an error.
|    Use char because int might match the return type of a GCC
|    builtin and then its argument prototype would still apply.  */
| #ifdef __cplusplus
| extern "C"
| #endif
| char strtonum ();
| /* The GNU C library defines this for functions which it implements
|     to always fail with ENOSYS.  Some functions are actually named
|     something starting with __ and the normal name is an alias.  */
| #if defined __stub_strtonum || defined __stub___strtonum
| choke me
| #endif
| 
| int
| main ()
| {
| return strtonum ();
|   ;
|   return 0;
| }
configure:5192: result: no
configure:5206: checking for working strnlen
configure:5244: gcc -o conftest    conftest.c  >&5
configure:5244: $? = 0
configure:5244: ./conftest
configure:5244: $? = 0
configure:5254: result: yes
configure:5265: checking for library containing clock_gettime
configure:5296: gcc -o conftest    conftest.c  >&5
configure:5296: $? = 0
configure:5313: result: none required
configure:5325: checking for LIBEVENT
configure:5332: $PKG_CONFIG --exists --print-errors "libevent"
configure:5335: $? = 0
configure:5349: $PKG_CONFIG --exists --print-errors "libevent"
configure:5352: $? = 0
configure:5512: result: yes
configure:5521: checking event.h usability
configure:5521: gcc -c     conftest.c >&5
configure:5521: $? = 0
configure:5521: result: yes
configure:5521: checking event.h presence
configure:5521: gcc -E  conftest.c
configure:5521: $? = 0
configure:5521: result: yes
configure:5521: checking for event.h
configure:5521: result: yes
configure:5537: checking for LIBTINFO
configure:5544: $PKG_CONFIG --exists --print-errors "tinfo"
configure:5547: $? = 0
configure:5561: $PKG_CONFIG --exists --print-errors "tinfo"
configure:5564: $? = 0
configure:5604: result: yes
configure:6105: checking for b64_ntop
configure:6122: gcc -o conftest  -D_GNU_SOURCE -D_DEFAULT_SOURCE      conftest.c  -ltinfo -levent  >&5
/tmp/cczzTUKH.o: In function `main':
conftest.c:(.text+0x19): undefined reference to `__b64_ntop'
collect2: error: ld returned 1 exit status
configure:6122: $? = 1
configure: failed program was:
| /* confdefs.h */
| #define PACKAGE_NAME "tmux"
| #define PACKAGE_TARNAME "tmux"
| #define PACKAGE_VERSION "2.6"
| #define PACKAGE_STRING "tmux 2.6"
| #define PACKAGE_BUGREPORT ""
| #define PACKAGE_URL ""
| #define PACKAGE "tmux"
| #define VERSION "2.6"
| #define STDC_HEADERS 1
| #define HAVE_SYS_TYPES_H 1
| #define HAVE_SYS_STAT_H 1
| #define HAVE_STDLIB_H 1
| #define HAVE_STRING_H 1
| #define HAVE_MEMORY_H 1
| #define HAVE_STRINGS_H 1
| #define HAVE_INTTYPES_H 1
| #define HAVE_STDINT_H 1
| #define HAVE_UNISTD_H 1
| #define __EXTENSIONS__ 1
| #define _ALL_SOURCE 1
| #define _GNU_SOURCE 1
| #define _POSIX_PTHREAD_SEMANTICS 1
| #define _TANDEM_SOURCE 1
| #define HAVE_DIRENT_H 1
| #define HAVE_FCNTL_H 1
| #define HAVE_INTTYPES_H 1
| #define HAVE_PATHS_H 1
| #define HAVE_PTY_H 1
| #define HAVE_STDINT_H 1
| #define HAVE_SYS_DIR_H 1
| #define HAVE_DIRFD 1
| #define HAVE_FLOCK 1
| #define HAVE_PRCTL 1
| #define HAVE_SYSCONF 1
| #define HAVE_ASPRINTF 1
| #define HAVE_CFMAKERAW 1
| #define HAVE_EXPLICIT_BZERO 1
| #define HAVE_MEMMEM 1
| #define HAVE_REALLOCARRAY 1
| #define HAVE_SETENV 1
| #define HAVE_STRCASESTR 1
| #define HAVE_STRNDUP 1
| #define HAVE_STRSEP 1
| #define HAVE_NCURSES_H 1
| /* end confdefs.h.  */
| 
| 		#include <sys/types.h>
| 		#include <netinet/in.h>
| 		#include <resolv.h>
| 
| int
| main ()
| {
| b64_ntop(NULL, 0, NULL, 0);
|   ;
|   return 0;
| }
configure:6131: result: no
configure:6134: checking for b64_ntop with -lresolv
configure:6152: gcc -o conftest  -D_GNU_SOURCE -D_DEFAULT_SOURCE      conftest.c  -ltinfo -levent  -lresolv >&5
configure:6152: $? = 0
configure:6168: result: yes
configure:6180: checking for library containing inet_ntoa
configure:6211: gcc -o conftest  -D_GNU_SOURCE -D_DEFAULT_SOURCE      conftest.c  -ltinfo -levent  -lresolv >&5
configure:6211: $? = 0
configure:6228: result: none required
configure:6236: checking for library containing socket
configure:6267: gcc -o conftest  -D_GNU_SOURCE -D_DEFAULT_SOURCE      conftest.c  -ltinfo -levent  -lresolv >&5
configure:6267: $? = 0
configure:6284: result: none required
configure:6292: checking for socket in -lxnet
configure:6317: gcc -o conftest  -D_GNU_SOURCE -D_DEFAULT_SOURCE      conftest.c -lxnet   -ltinfo -levent  -lresolv >&5
/usr/bin/ld: cannot find -lxnet
collect2: error: ld returned 1 exit status
configure:6317: $? = 1
configure: failed program was:
| /* confdefs.h */
| #define PACKAGE_NAME "tmux"
| #define PACKAGE_TARNAME "tmux"
| #define PACKAGE_VERSION "2.6"
| #define PACKAGE_STRING "tmux 2.6"
| #define PACKAGE_BUGREPORT ""
| #define PACKAGE_URL ""
| #define PACKAGE "tmux"
| #define VERSION "2.6"
| #define STDC_HEADERS 1
| #define HAVE_SYS_TYPES_H 1
| #define HAVE_SYS_STAT_H 1
| #define HAVE_STDLIB_H 1
| #define HAVE_STRING_H 1
| #define HAVE_MEMORY_H 1
| #define HAVE_STRINGS_H 1
| #define HAVE_INTTYPES_H 1
| #define HAVE_STDINT_H 1
| #define HAVE_UNISTD_H 1
| #define __EXTENSIONS__ 1
| #define _ALL_SOURCE 1
| #define _GNU_SOURCE 1
| #define _POSIX_PTHREAD_SEMANTICS 1
| #define _TANDEM_SOURCE 1
| #define HAVE_DIRENT_H 1
| #define HAVE_FCNTL_H 1
| #define HAVE_INTTYPES_H 1
| #define HAVE_PATHS_H 1
| #define HAVE_PTY_H 1
| #define HAVE_STDINT_H 1
| #define HAVE_SYS_DIR_H 1
| #define HAVE_DIRFD 1
| #define HAVE_FLOCK 1
| #define HAVE_PRCTL 1
| #define HAVE_SYSCONF 1
| #define HAVE_ASPRINTF 1
| #define HAVE_CFMAKERAW 1
| #define HAVE_EXPLICIT_BZERO 1
| #define HAVE_MEMMEM 1
| #define HAVE_REALLOCARRAY 1
| #define HAVE_SETENV 1
| #define HAVE_STRCASESTR 1
| #define HAVE_STRNDUP 1
| #define HAVE_STRSEP 1
| #define HAVE_NCURSES_H 1
| #define HAVE_B64_NTOP 1
| /* end confdefs.h.  */
| 
| /* Override any GCC internal prototype to avoid an error.
|    Use char because int might match the return type of a GCC
|    builtin and then its argument prototype would still apply.  */
| #ifdef __cplusplus
| extern "C"
| #endif
| char socket ();
| int
| main ()
| {
| return socket ();
|   ;
|   return 0;
| }
configure:6326: result: no
configure:6341: checking for CMSG_DATA
configure:6361: result: yes
configure:6397: checking for err
configure:6397: gcc -o conftest  -D_GNU_SOURCE -D_DEFAULT_SOURCE      conftest.c  -ltinfo -levent  -lresolv >&5
configure:6397: $? = 0
configure:6397: result: yes
configure:6404: checking for errx
configure:6404: gcc -o conftest  -D_GNU_SOURCE -D_DEFAULT_SOURCE      conftest.c  -ltinfo -levent  -lresolv >&5
configure:6404: $? = 0
configure:6404: result: yes
configure:6411: checking for warn
configure:6411: gcc -o conftest  -D_GNU_SOURCE -D_DEFAULT_SOURCE      conftest.c  -ltinfo -levent  -lresolv >&5
configure:6411: $? = 0
configure:6411: result: yes
configure:6418: checking for warnx
configure:6418: gcc -o conftest  -D_GNU_SOURCE -D_DEFAULT_SOURCE      conftest.c  -ltinfo -levent  -lresolv >&5
configure:6418: $? = 0
configure:6418: result: yes
configure:6426: checking err.h usability
configure:6426: gcc -c  -D_GNU_SOURCE -D_DEFAULT_SOURCE     conftest.c >&5
configure:6426: $? = 0
configure:6426: result: yes
configure:6426: checking err.h presence
configure:6426: gcc -E  conftest.c
configure:6426: $? = 0
configure:6426: result: yes
configure:6426: checking for err.h
configure:6426: result: yes
configure:6444: checking for library containing imsg_init
configure:6475: gcc -o conftest  -D_GNU_SOURCE -D_DEFAULT_SOURCE      conftest.c  -ltinfo -levent  -lresolv >&5
/tmp/ccUg619C.o: In function `main':
conftest.c:(.text+0xa): undefined reference to `imsg_init'
collect2: error: ld returned 1 exit status
configure:6475: $? = 1
configure: failed program was:
| /* confdefs.h */
| #define PACKAGE_NAME "tmux"
| #define PACKAGE_TARNAME "tmux"
| #define PACKAGE_VERSION "2.6"
| #define PACKAGE_STRING "tmux 2.6"
| #define PACKAGE_BUGREPORT ""
| #define PACKAGE_URL ""
| #define PACKAGE "tmux"
| #define VERSION "2.6"
| #define STDC_HEADERS 1
| #define HAVE_SYS_TYPES_H 1
| #define HAVE_SYS_STAT_H 1
| #define HAVE_STDLIB_H 1
| #define HAVE_STRING_H 1
| #define HAVE_MEMORY_H 1
| #define HAVE_STRINGS_H 1
| #define HAVE_INTTYPES_H 1
| #define HAVE_STDINT_H 1
| #define HAVE_UNISTD_H 1
| #define __EXTENSIONS__ 1
| #define _ALL_SOURCE 1
| #define _GNU_SOURCE 1
| #define _POSIX_PTHREAD_SEMANTICS 1
| #define _TANDEM_SOURCE 1
| #define HAVE_DIRENT_H 1
| #define HAVE_FCNTL_H 1
| #define HAVE_INTTYPES_H 1
| #define HAVE_PATHS_H 1
| #define HAVE_PTY_H 1
| #define HAVE_STDINT_H 1
| #define HAVE_SYS_DIR_H 1
| #define HAVE_DIRFD 1
| #define HAVE_FLOCK 1
| #define HAVE_PRCTL 1
| #define HAVE_SYSCONF 1
| #define HAVE_ASPRINTF 1
| #define HAVE_CFMAKERAW 1
| #define HAVE_EXPLICIT_BZERO 1
| #define HAVE_MEMMEM 1
| #define HAVE_REALLOCARRAY 1
| #define HAVE_SETENV 1
| #define HAVE_STRCASESTR 1
| #define HAVE_STRNDUP 1
| #define HAVE_STRSEP 1
| #define HAVE_NCURSES_H 1
| #define HAVE_B64_NTOP 1
| /* end confdefs.h.  */
| 
| /* Override any GCC internal prototype to avoid an error.
|    Use char because int might match the return type of a GCC
|    builtin and then its argument prototype would still apply.  */
| #ifdef __cplusplus
| extern "C"
| #endif
| char imsg_init ();
| int
| main ()
| {
| return imsg_init ();
|   ;
|   return 0;
| }
configure:6475: gcc -o conftest  -D_GNU_SOURCE -D_DEFAULT_SOURCE      conftest.c -lutil   -ltinfo -levent  -lresolv >&5
/tmp/ccrQ9eXH.o: In function `main':
conftest.c:(.text+0xa): undefined reference to `imsg_init'
collect2: error: ld returned 1 exit status
configure:6475: $? = 1
configure: failed program was:
| /* confdefs.h */
| #define PACKAGE_NAME "tmux"
| #define PACKAGE_TARNAME "tmux"
| #define PACKAGE_VERSION "2.6"
| #define PACKAGE_STRING "tmux 2.6"
| #define PACKAGE_BUGREPORT ""
| #define PACKAGE_URL ""
| #define PACKAGE "tmux"
| #define VERSION "2.6"
| #define STDC_HEADERS 1
| #define HAVE_SYS_TYPES_H 1
| #define HAVE_SYS_STAT_H 1
| #define HAVE_STDLIB_H 1
| #define HAVE_STRING_H 1
| #define HAVE_MEMORY_H 1
| #define HAVE_STRINGS_H 1
| #define HAVE_INTTYPES_H 1
| #define HAVE_STDINT_H 1
| #define HAVE_UNISTD_H 1
| #define __EXTENSIONS__ 1
| #define _ALL_SOURCE 1
| #define _GNU_SOURCE 1
| #define _POSIX_PTHREAD_SEMANTICS 1
| #define _TANDEM_SOURCE 1
| #define HAVE_DIRENT_H 1
| #define HAVE_FCNTL_H 1
| #define HAVE_INTTYPES_H 1
| #define HAVE_PATHS_H 1
| #define HAVE_PTY_H 1
| #define HAVE_STDINT_H 1
| #define HAVE_SYS_DIR_H 1
| #define HAVE_DIRFD 1
| #define HAVE_FLOCK 1
| #define HAVE_PRCTL 1
| #define HAVE_SYSCONF 1
| #define HAVE_ASPRINTF 1
| #define HAVE_CFMAKERAW 1
| #define HAVE_EXPLICIT_BZERO 1
| #define HAVE_MEMMEM 1
| #define HAVE_REALLOCARRAY 1
| #define HAVE_SETENV 1
| #define HAVE_STRCASESTR 1
| #define HAVE_STRNDUP 1
| #define HAVE_STRSEP 1
| #define HAVE_NCURSES_H 1
| #define HAVE_B64_NTOP 1
| /* end confdefs.h.  */
| 
| /* Override any GCC internal prototype to avoid an error.
|    Use char because int might match the return type of a GCC
|    builtin and then its argument prototype would still apply.  */
| #ifdef __cplusplus
| extern "C"
| #endif
| char imsg_init ();
| int
| main ()
| {
| return imsg_init ();
|   ;
|   return 0;
| }
configure:6492: result: no
configure:6523: checking for daemon
configure:6523: gcc -o conftest  -D_GNU_SOURCE -D_DEFAULT_SOURCE      conftest.c  -ltinfo -levent  -lresolv >&5
configure:6523: $? = 0
configure:6523: result: yes
configure:6530: checking whether daemon is declared
configure:6530: gcc -c  -D_GNU_SOURCE -D_DEFAULT_SOURCE     conftest.c >&5
configure:6530: $? = 0
configure:6530: result: yes
configure:6555: checking for stravis
configure:6555: gcc -o conftest  -D_GNU_SOURCE -D_DEFAULT_SOURCE      conftest.c  -ltinfo -levent  -lresolv >&5
/tmp/ccHSULvN.o: In function `main':
conftest.c:(.text+0xa): undefined reference to `stravis'
collect2: error: ld returned 1 exit status
configure:6555: $? = 1
configure: failed program was:
| /* confdefs.h */
| #define PACKAGE_NAME "tmux"
| #define PACKAGE_TARNAME "tmux"
| #define PACKAGE_VERSION "2.6"
| #define PACKAGE_STRING "tmux 2.6"
| #define PACKAGE_BUGREPORT ""
| #define PACKAGE_URL ""
| #define PACKAGE "tmux"
| #define VERSION "2.6"
| #define STDC_HEADERS 1
| #define HAVE_SYS_TYPES_H 1
| #define HAVE_SYS_STAT_H 1
| #define HAVE_STDLIB_H 1
| #define HAVE_STRING_H 1
| #define HAVE_MEMORY_H 1
| #define HAVE_STRINGS_H 1
| #define HAVE_INTTYPES_H 1
| #define HAVE_STDINT_H 1
| #define HAVE_UNISTD_H 1
| #define __EXTENSIONS__ 1
| #define _ALL_SOURCE 1
| #define _GNU_SOURCE 1
| #define _POSIX_PTHREAD_SEMANTICS 1
| #define _TANDEM_SOURCE 1
| #define HAVE_DIRENT_H 1
| #define HAVE_FCNTL_H 1
| #define HAVE_INTTYPES_H 1
| #define HAVE_PATHS_H 1
| #define HAVE_PTY_H 1
| #define HAVE_STDINT_H 1
| #define HAVE_SYS_DIR_H 1
| #define HAVE_DIRFD 1
| #define HAVE_FLOCK 1
| #define HAVE_PRCTL 1
| #define HAVE_SYSCONF 1
| #define HAVE_ASPRINTF 1
| #define HAVE_CFMAKERAW 1
| #define HAVE_EXPLICIT_BZERO 1
| #define HAVE_MEMMEM 1
| #define HAVE_REALLOCARRAY 1
| #define HAVE_SETENV 1
| #define HAVE_STRCASESTR 1
| #define HAVE_STRNDUP 1
| #define HAVE_STRSEP 1
| #define HAVE_NCURSES_H 1
| #define HAVE_B64_NTOP 1
| #define HAVE_DAEMON 1
| /* end confdefs.h.  */
| /* Define stravis to an innocuous variant, in case <limits.h> declares stravis.
|    For example, HP-UX 11i <limits.h> declares gettimeofday.  */
| #define stravis innocuous_stravis
| 
| /* System header to define __stub macros and hopefully few prototypes,
|     which can conflict with char stravis (); below.
|     Prefer <limits.h> to <assert.h> if __STDC__ is defined, since
|     <limits.h> exists even on freestanding compilers.  */
| 
| #ifdef __STDC__
| # include <limits.h>
| #else
| # include <assert.h>
| #endif
| 
| #undef stravis
| 
| /* Override any GCC internal prototype to avoid an error.
|    Use char because int might match the return type of a GCC
|    builtin and then its argument prototype would still apply.  */
| #ifdef __cplusplus
| extern "C"
| #endif
| char stravis ();
| /* The GNU C library defines this for functions which it implements
|     to always fail with ENOSYS.  Some functions are actually named
|     something starting with __ and the normal name is an alias.  */
| #if defined __stub_stravis || defined __stub___stravis
| choke me
| #endif
| 
| int
| main ()
| {
| return stravis ();
|   ;
|   return 0;
| }
configure:6555: result: no
configure:6618: checking for getopt
configure:6618: gcc -o conftest  -D_GNU_SOURCE -D_DEFAULT_SOURCE      conftest.c  -ltinfo -levent  -lresolv >&5
configure:6618: $? = 0
configure:6618: result: yes
configure:6626: checking if getopt is suitable
configure:6641: result: no
configure:6721: checking for library containing fparseln
configure:6752: gcc -o conftest  -D_GNU_SOURCE -D_DEFAULT_SOURCE      conftest.c  -ltinfo -levent  -lresolv >&5
/tmp/ccanJGS2.o: In function `main':
conftest.c:(.text+0xa): undefined reference to `fparseln'
collect2: error: ld returned 1 exit status
configure:6752: $? = 1
configure: failed program was:
| /* confdefs.h */
| #define PACKAGE_NAME "tmux"
| #define PACKAGE_TARNAME "tmux"
| #define PACKAGE_VERSION "2.6"
| #define PACKAGE_STRING "tmux 2.6"
| #define PACKAGE_BUGREPORT ""
| #define PACKAGE_URL ""
| #define PACKAGE "tmux"
| #define VERSION "2.6"
| #define STDC_HEADERS 1
| #define HAVE_SYS_TYPES_H 1
| #define HAVE_SYS_STAT_H 1
| #define HAVE_STDLIB_H 1
| #define HAVE_STRING_H 1
| #define HAVE_MEMORY_H 1
| #define HAVE_STRINGS_H 1
| #define HAVE_INTTYPES_H 1
| #define HAVE_STDINT_H 1
| #define HAVE_UNISTD_H 1
| #define __EXTENSIONS__ 1
| #define _ALL_SOURCE 1
| #define _GNU_SOURCE 1
| #define _POSIX_PTHREAD_SEMANTICS 1
| #define _TANDEM_SOURCE 1
| #define HAVE_DIRENT_H 1
| #define HAVE_FCNTL_H 1
| #define HAVE_INTTYPES_H 1
| #define HAVE_PATHS_H 1
| #define HAVE_PTY_H 1
| #define HAVE_STDINT_H 1
| #define HAVE_SYS_DIR_H 1
| #define HAVE_DIRFD 1
| #define HAVE_FLOCK 1
| #define HAVE_PRCTL 1
| #define HAVE_SYSCONF 1
| #define HAVE_ASPRINTF 1
| #define HAVE_CFMAKERAW 1
| #define HAVE_EXPLICIT_BZERO 1
| #define HAVE_MEMMEM 1
| #define HAVE_REALLOCARRAY 1
| #define HAVE_SETENV 1
| #define HAVE_STRCASESTR 1
| #define HAVE_STRNDUP 1
| #define HAVE_STRSEP 1
| #define HAVE_NCURSES_H 1
| #define HAVE_B64_NTOP 1
| #define HAVE_DAEMON 1
| /* end confdefs.h.  */
| 
| /* Override any GCC internal prototype to avoid an error.
|    Use char because int might match the return type of a GCC
|    builtin and then its argument prototype would still apply.  */
| #ifdef __cplusplus
| extern "C"
| #endif
| char fparseln ();
| int
| main ()
| {
| return fparseln ();
|   ;
|   return 0;
| }
configure:6752: gcc -o conftest  -D_GNU_SOURCE -D_DEFAULT_SOURCE      conftest.c -lutil   -ltinfo -levent  -lresolv >&5
/tmp/ccBULQ77.o: In function `main':
conftest.c:(.text+0xa): undefined reference to `fparseln'
collect2: error: ld returned 1 exit status
configure:6752: $? = 1
configure: failed program was:
| /* confdefs.h */
| #define PACKAGE_NAME "tmux"
| #define PACKAGE_TARNAME "tmux"
| #define PACKAGE_VERSION "2.6"
| #define PACKAGE_STRING "tmux 2.6"
| #define PACKAGE_BUGREPORT ""
| #define PACKAGE_URL ""
| #define PACKAGE "tmux"
| #define VERSION "2.6"
| #define STDC_HEADERS 1
| #define HAVE_SYS_TYPES_H 1
| #define HAVE_SYS_STAT_H 1
| #define HAVE_STDLIB_H 1
| #define HAVE_STRING_H 1
| #define HAVE_MEMORY_H 1
| #define HAVE_STRINGS_H 1
| #define HAVE_INTTYPES_H 1
| #define HAVE_STDINT_H 1
| #define HAVE_UNISTD_H 1
| #define __EXTENSIONS__ 1
| #define _ALL_SOURCE 1
| #define _GNU_SOURCE 1
| #define _POSIX_PTHREAD_SEMANTICS 1
| #define _TANDEM_SOURCE 1
| #define HAVE_DIRENT_H 1
| #define HAVE_FCNTL_H 1
| #define HAVE_INTTYPES_H 1
| #define HAVE_PATHS_H 1
| #define HAVE_PTY_H 1
| #define HAVE_STDINT_H 1
| #define HAVE_SYS_DIR_H 1
| #define HAVE_DIRFD 1
| #define HAVE_FLOCK 1
| #define HAVE_PRCTL 1
| #define HAVE_SYSCONF 1
| #define HAVE_ASPRINTF 1
| #define HAVE_CFMAKERAW 1
| #define HAVE_EXPLICIT_BZERO 1
| #define HAVE_MEMMEM 1
| #define HAVE_REALLOCARRAY 1
| #define HAVE_SETENV 1
| #define HAVE_STRCASESTR 1
| #define HAVE_STRNDUP 1
| #define HAVE_STRSEP 1
| #define HAVE_NCURSES_H 1
| #define HAVE_B64_NTOP 1
| #define HAVE_DAEMON 1
| /* end confdefs.h.  */
| 
| /* Override any GCC internal prototype to avoid an error.
|    Use char because int might match the return type of a GCC
|    builtin and then its argument prototype would still apply.  */
| #ifdef __cplusplus
| extern "C"
| #endif
| char fparseln ();
| int
| main ()
| {
| return fparseln ();
|   ;
|   return 0;
| }
configure:6769: result: no
configure:6792: checking for library containing fdforkpty
configure:6823: gcc -o conftest  -D_GNU_SOURCE -D_DEFAULT_SOURCE      conftest.c  -ltinfo -levent  -lresolv >&5
/tmp/ccxQs6eb.o: In function `main':
conftest.c:(.text+0xa): undefined reference to `fdforkpty'
collect2: error: ld returned 1 exit status
configure:6823: $? = 1
configure: failed program was:
| /* confdefs.h */
| #define PACKAGE_NAME "tmux"
| #define PACKAGE_TARNAME "tmux"
| #define PACKAGE_VERSION "2.6"
| #define PACKAGE_STRING "tmux 2.6"
| #define PACKAGE_BUGREPORT ""
| #define PACKAGE_URL ""
| #define PACKAGE "tmux"
| #define VERSION "2.6"
| #define STDC_HEADERS 1
| #define HAVE_SYS_TYPES_H 1
| #define HAVE_SYS_STAT_H 1
| #define HAVE_STDLIB_H 1
| #define HAVE_STRING_H 1
| #define HAVE_MEMORY_H 1
| #define HAVE_STRINGS_H 1
| #define HAVE_INTTYPES_H 1
| #define HAVE_STDINT_H 1
| #define HAVE_UNISTD_H 1
| #define __EXTENSIONS__ 1
| #define _ALL_SOURCE 1
| #define _GNU_SOURCE 1
| #define _POSIX_PTHREAD_SEMANTICS 1
| #define _TANDEM_SOURCE 1
| #define HAVE_DIRENT_H 1
| #define HAVE_FCNTL_H 1
| #define HAVE_INTTYPES_H 1
| #define HAVE_PATHS_H 1
| #define HAVE_PTY_H 1
| #define HAVE_STDINT_H 1
| #define HAVE_SYS_DIR_H 1
| #define HAVE_DIRFD 1
| #define HAVE_FLOCK 1
| #define HAVE_PRCTL 1
| #define HAVE_SYSCONF 1
| #define HAVE_ASPRINTF 1
| #define HAVE_CFMAKERAW 1
| #define HAVE_EXPLICIT_BZERO 1
| #define HAVE_MEMMEM 1
| #define HAVE_REALLOCARRAY 1
| #define HAVE_SETENV 1
| #define HAVE_STRCASESTR 1
| #define HAVE_STRNDUP 1
| #define HAVE_STRSEP 1
| #define HAVE_NCURSES_H 1
| #define HAVE_B64_NTOP 1
| #define HAVE_DAEMON 1
| /* end confdefs.h.  */
| 
| /* Override any GCC internal prototype to avoid an error.
|    Use char because int might match the return type of a GCC
|    builtin and then its argument prototype would still apply.  */
| #ifdef __cplusplus
| extern "C"
| #endif
| char fdforkpty ();
| int
| main ()
| {
| return fdforkpty ();
|   ;
|   return 0;
| }
configure:6823: gcc -o conftest  -D_GNU_SOURCE -D_DEFAULT_SOURCE      conftest.c -lutil   -ltinfo -levent  -lresolv >&5
/tmp/ccRxH0ah.o: In function `main':
conftest.c:(.text+0xa): undefined reference to `fdforkpty'
collect2: error: ld returned 1 exit status
configure:6823: $? = 1
configure: failed program was:
| /* confdefs.h */
| #define PACKAGE_NAME "tmux"
| #define PACKAGE_TARNAME "tmux"
| #define PACKAGE_VERSION "2.6"
| #define PACKAGE_STRING "tmux 2.6"
| #define PACKAGE_BUGREPORT ""
| #define PACKAGE_URL ""
| #define PACKAGE "tmux"
| #define VERSION "2.6"
| #define STDC_HEADERS 1
| #define HAVE_SYS_TYPES_H 1
| #define HAVE_SYS_STAT_H 1
| #define HAVE_STDLIB_H 1
| #define HAVE_STRING_H 1
| #define HAVE_MEMORY_H 1
| #define HAVE_STRINGS_H 1
| #define HAVE_INTTYPES_H 1
| #define HAVE_STDINT_H 1
| #define HAVE_UNISTD_H 1
| #define __EXTENSIONS__ 1
| #define _ALL_SOURCE 1
| #define _GNU_SOURCE 1
| #define _POSIX_PTHREAD_SEMANTICS 1
| #define _TANDEM_SOURCE 1
| #define HAVE_DIRENT_H 1
| #define HAVE_FCNTL_H 1
| #define HAVE_INTTYPES_H 1
| #define HAVE_PATHS_H 1
| #define HAVE_PTY_H 1
| #define HAVE_STDINT_H 1
| #define HAVE_SYS_DIR_H 1
| #define HAVE_DIRFD 1
| #define HAVE_FLOCK 1
| #define HAVE_PRCTL 1
| #define HAVE_SYSCONF 1
| #define HAVE_ASPRINTF 1
| #define HAVE_CFMAKERAW 1
| #define HAVE_EXPLICIT_BZERO 1
| #define HAVE_MEMMEM 1
| #define HAVE_REALLOCARRAY 1
| #define HAVE_SETENV 1
| #define HAVE_STRCASESTR 1
| #define HAVE_STRNDUP 1
| #define HAVE_STRSEP 1
| #define HAVE_NCURSES_H 1
| #define HAVE_B64_NTOP 1
| #define HAVE_DAEMON 1
| /* end confdefs.h.  */
| 
| /* Override any GCC internal prototype to avoid an error.
|    Use char because int might match the return type of a GCC
|    builtin and then its argument prototype would still apply.  */
| #ifdef __cplusplus
| extern "C"
| #endif
| char fdforkpty ();
| int
| main ()
| {
| return fdforkpty ();
|   ;
|   return 0;
| }
configure:6840: result: no
configure:6861: checking for library containing forkpty
configure:6892: gcc -o conftest  -D_GNU_SOURCE -D_DEFAULT_SOURCE      conftest.c  -ltinfo -levent  -lresolv >&5
/tmp/ccYbR2Zo.o: In function `main':
conftest.c:(.text+0xa): undefined reference to `forkpty'
collect2: error: ld returned 1 exit status
configure:6892: $? = 1
configure: failed program was:
| /* confdefs.h */
| #define PACKAGE_NAME "tmux"
| #define PACKAGE_TARNAME "tmux"
| #define PACKAGE_VERSION "2.6"
| #define PACKAGE_STRING "tmux 2.6"
| #define PACKAGE_BUGREPORT ""
| #define PACKAGE_URL ""
| #define PACKAGE "tmux"
| #define VERSION "2.6"
| #define STDC_HEADERS 1
| #define HAVE_SYS_TYPES_H 1
| #define HAVE_SYS_STAT_H 1
| #define HAVE_STDLIB_H 1
| #define HAVE_STRING_H 1
| #define HAVE_MEMORY_H 1
| #define HAVE_STRINGS_H 1
| #define HAVE_INTTYPES_H 1
| #define HAVE_STDINT_H 1
| #define HAVE_UNISTD_H 1
| #define __EXTENSIONS__ 1
| #define _ALL_SOURCE 1
| #define _GNU_SOURCE 1
| #define _POSIX_PTHREAD_SEMANTICS 1
| #define _TANDEM_SOURCE 1
| #define HAVE_DIRENT_H 1
| #define HAVE_FCNTL_H 1
| #define HAVE_INTTYPES_H 1
| #define HAVE_PATHS_H 1
| #define HAVE_PTY_H 1
| #define HAVE_STDINT_H 1
| #define HAVE_SYS_DIR_H 1
| #define HAVE_DIRFD 1
| #define HAVE_FLOCK 1
| #define HAVE_PRCTL 1
| #define HAVE_SYSCONF 1
| #define HAVE_ASPRINTF 1
| #define HAVE_CFMAKERAW 1
| #define HAVE_EXPLICIT_BZERO 1
| #define HAVE_MEMMEM 1
| #define HAVE_REALLOCARRAY 1
| #define HAVE_SETENV 1
| #define HAVE_STRCASESTR 1
| #define HAVE_STRNDUP 1
| #define HAVE_STRSEP 1
| #define HAVE_NCURSES_H 1
| #define HAVE_B64_NTOP 1
| #define HAVE_DAEMON 1
| /* end confdefs.h.  */
| 
| /* Override any GCC internal prototype to avoid an error.
|    Use char because int might match the return type of a GCC
|    builtin and then its argument prototype would still apply.  */
| #ifdef __cplusplus
| extern "C"
| #endif
| char forkpty ();
| int
| main ()
| {
| return forkpty ();
|   ;
|   return 0;
| }
configure:6892: gcc -o conftest  -D_GNU_SOURCE -D_DEFAULT_SOURCE      conftest.c -lutil   -ltinfo -levent  -lresolv >&5
configure:6892: $? = 0
configure:6909: result: -lutil
configure:6933: checking whether TAILQ_CONCAT is declared
configure:6933: gcc -c  -D_GNU_SOURCE -D_DEFAULT_SOURCE     conftest.c >&5
configure:6933: $? = 0
configure:6933: result: yes
configure:6942: checking whether TAILQ_PREV is declared
configure:6942: gcc -c  -D_GNU_SOURCE -D_DEFAULT_SOURCE     conftest.c >&5
configure:6942: $? = 0
configure:6942: result: yes
configure:6951: checking whether TAILQ_REPLACE is declared
configure:6951: gcc -c  -D_GNU_SOURCE -D_DEFAULT_SOURCE     conftest.c >&5
conftest.c: In function 'main':
conftest.c:60:10: error: 'TAILQ_REPLACE' undeclared (first use in this function); did you mean 'TAILQ_REMOVE'?
   (void) TAILQ_REPLACE;
          ^~~~~~~~~~~~~
          TAILQ_REMOVE
conftest.c:60:10: note: each undeclared identifier is reported only once for each function it appears in
configure:6951: $? = 1
configure: failed program was:
| /* confdefs.h */
| #define PACKAGE_NAME "tmux"
| #define PACKAGE_TARNAME "tmux"
| #define PACKAGE_VERSION "2.6"
| #define PACKAGE_STRING "tmux 2.6"
| #define PACKAGE_BUGREPORT ""
| #define PACKAGE_URL ""
| #define PACKAGE "tmux"
| #define VERSION "2.6"
| #define STDC_HEADERS 1
| #define HAVE_SYS_TYPES_H 1
| #define HAVE_SYS_STAT_H 1
| #define HAVE_STDLIB_H 1
| #define HAVE_STRING_H 1
| #define HAVE_MEMORY_H 1
| #define HAVE_STRINGS_H 1
| #define HAVE_INTTYPES_H 1
| #define HAVE_STDINT_H 1
| #define HAVE_UNISTD_H 1
| #define __EXTENSIONS__ 1
| #define _ALL_SOURCE 1
| #define _GNU_SOURCE 1
| #define _POSIX_PTHREAD_SEMANTICS 1
| #define _TANDEM_SOURCE 1
| #define HAVE_DIRENT_H 1
| #define HAVE_FCNTL_H 1
| #define HAVE_INTTYPES_H 1
| #define HAVE_PATHS_H 1
| #define HAVE_PTY_H 1
| #define HAVE_STDINT_H 1
| #define HAVE_SYS_DIR_H 1
| #define HAVE_DIRFD 1
| #define HAVE_FLOCK 1
| #define HAVE_PRCTL 1
| #define HAVE_SYSCONF 1
| #define HAVE_ASPRINTF 1
| #define HAVE_CFMAKERAW 1
| #define HAVE_EXPLICIT_BZERO 1
| #define HAVE_MEMMEM 1
| #define HAVE_REALLOCARRAY 1
| #define HAVE_SETENV 1
| #define HAVE_STRCASESTR 1
| #define HAVE_STRNDUP 1
| #define HAVE_STRSEP 1
| #define HAVE_NCURSES_H 1
| #define HAVE_B64_NTOP 1
| #define HAVE_DAEMON 1
| #define HAVE_FORKPTY 1
| /* end confdefs.h.  */
| #include <sys/queue.h>
| 
| 
| int
| main ()
| {
| #ifndef TAILQ_REPLACE
| #ifdef __cplusplus
|   (void) TAILQ_REPLACE;
| #else
|   (void) TAILQ_REPLACE;
| #endif
| #endif
| 
|   ;
|   return 0;
| }
configure:6951: result: no
configure:6966: checking for __progname
configure:6981: gcc -o conftest  -D_GNU_SOURCE -D_DEFAULT_SOURCE      conftest.c -lutil  -ltinfo -levent  -lresolv >&5
configure:6981: $? = 0
configure:6983: result: yes
configure:6994: checking for program_invocation_short_name
configure:7009: gcc -o conftest  -D_GNU_SOURCE -D_DEFAULT_SOURCE      conftest.c -lutil  -ltinfo -levent  -lresolv >&5
configure:7009: $? = 0
configure:7011: result: yes
configure:7022: checking whether PR_SET_NAME is declared
configure:7022: gcc -c  -D_GNU_SOURCE -D_DEFAULT_SOURCE     conftest.c >&5
configure:7022: $? = 0
configure:7022: result: yes
configure:7032: checking whether F_CLOSEM is declared
configure:7032: gcc -c  -D_GNU_SOURCE -D_DEFAULT_SOURCE     conftest.c >&5
conftest.c: In function 'main':
conftest.c:63:10: error: 'F_CLOSEM' undeclared (first use in this function); did you mean 'F_LOCK'?
   (void) F_CLOSEM;
          ^~~~~~~~
          F_LOCK
conftest.c:63:10: note: each undeclared identifier is reported only once for each function it appears in
configure:7032: $? = 1
configure: failed program was:
| /* confdefs.h */
| #define PACKAGE_NAME "tmux"
| #define PACKAGE_TARNAME "tmux"
| #define PACKAGE_VERSION "2.6"
| #define PACKAGE_STRING "tmux 2.6"
| #define PACKAGE_BUGREPORT ""
| #define PACKAGE_URL ""
| #define PACKAGE "tmux"
| #define VERSION "2.6"
| #define STDC_HEADERS 1
| #define HAVE_SYS_TYPES_H 1
| #define HAVE_SYS_STAT_H 1
| #define HAVE_STDLIB_H 1
| #define HAVE_STRING_H 1
| #define HAVE_MEMORY_H 1
| #define HAVE_STRINGS_H 1
| #define HAVE_INTTYPES_H 1
| #define HAVE_STDINT_H 1
| #define HAVE_UNISTD_H 1
| #define __EXTENSIONS__ 1
| #define _ALL_SOURCE 1
| #define _GNU_SOURCE 1
| #define _POSIX_PTHREAD_SEMANTICS 1
| #define _TANDEM_SOURCE 1
| #define HAVE_DIRENT_H 1
| #define HAVE_FCNTL_H 1
| #define HAVE_INTTYPES_H 1
| #define HAVE_PATHS_H 1
| #define HAVE_PTY_H 1
| #define HAVE_STDINT_H 1
| #define HAVE_SYS_DIR_H 1
| #define HAVE_DIRFD 1
| #define HAVE_FLOCK 1
| #define HAVE_PRCTL 1
| #define HAVE_SYSCONF 1
| #define HAVE_ASPRINTF 1
| #define HAVE_CFMAKERAW 1
| #define HAVE_EXPLICIT_BZERO 1
| #define HAVE_MEMMEM 1
| #define HAVE_REALLOCARRAY 1
| #define HAVE_SETENV 1
| #define HAVE_STRCASESTR 1
| #define HAVE_STRNDUP 1
| #define HAVE_STRSEP 1
| #define HAVE_NCURSES_H 1
| #define HAVE_B64_NTOP 1
| #define HAVE_DAEMON 1
| #define HAVE_FORKPTY 1
| #define HAVE___PROGNAME 1
| #define HAVE_PROGRAM_INVOCATION_SHORT_NAME 1
| #define HAVE_PR_SET_NAME 1
| /* end confdefs.h.  */
| #include <fcntl.h>
| 
| 
| int
| main ()
| {
| #ifndef F_CLOSEM
| #ifdef __cplusplus
|   (void) F_CLOSEM;
| #else
|   (void) F_CLOSEM;
| #endif
| #endif
| 
|   ;
|   return 0;
| }
configure:7032: result: no
configure:7042: checking for /proc/$$
configure:7047: result: yes
configure:7059: checking platform
configure:7097: result: linux
configure:7382: checking that generated files are newer than configure
configure:7388: result: done
configure:7471: creating ./config.status

## ---------------------- ##
## Running config.status. ##
## ---------------------- ##

This file was extended by tmux config.status 2.6, which was
generated by GNU Autoconf 2.69.  Invocation command line was

  CONFIG_FILES    = 
  CONFIG_HEADERS  = 
  CONFIG_LINKS    = 
  CONFIG_COMMANDS = 
  $ ./config.status 

on lostways-dev

config.status:839: creating Makefile
config.status:1011: executing depfiles commands

## ---------------- ##
## Cache variables. ##
## ---------------- ##

ac_cv_build=x86_64-pc-linux-gnu
ac_cv_c_compiler_gnu=yes
ac_cv_env_CC_set=
ac_cv_env_CC_value=
ac_cv_env_CFLAGS_set=
ac_cv_env_CFLAGS_value=
ac_cv_env_CPPFLAGS_set=
ac_cv_env_CPPFLAGS_value=
ac_cv_env_CPP_set=
ac_cv_env_CPP_value=
ac_cv_env_LDFLAGS_set=
ac_cv_env_LDFLAGS_value=
ac_cv_env_LIBEVENT_CFLAGS_set=
ac_cv_env_LIBEVENT_CFLAGS_value=
ac_cv_env_LIBEVENT_LIBS_set=
ac_cv_env_LIBEVENT_LIBS_value=
ac_cv_env_LIBNCURSES_CFLAGS_set=
ac_cv_env_LIBNCURSES_CFLAGS_value=
ac_cv_env_LIBNCURSES_LIBS_set=
ac_cv_env_LIBNCURSES_LIBS_value=
ac_cv_env_LIBS_set=
ac_cv_env_LIBS_value=
ac_cv_env_LIBTINFO_CFLAGS_set=
ac_cv_env_LIBTINFO_CFLAGS_value=
ac_cv_env_LIBTINFO_LIBS_set=
ac_cv_env_LIBTINFO_LIBS_value=
ac_cv_env_PKG_CONFIG_LIBDIR_set=
ac_cv_env_PKG_CONFIG_LIBDIR_value=
ac_cv_env_PKG_CONFIG_PATH_set=
ac_cv_env_PKG_CONFIG_PATH_value=
ac_cv_env_PKG_CONFIG_set=
ac_cv_env_PKG_CONFIG_value=
ac_cv_env_build_alias_set=
ac_cv_env_build_alias_value=
ac_cv_env_host_alias_set=
ac_cv_env_host_alias_value=
ac_cv_env_target_alias_set=
ac_cv_env_target_alias_value=
ac_cv_func_asprintf=yes
ac_cv_func_cfmakeraw=yes
ac_cv_func_closefrom=no
ac_cv_func_daemon=yes
ac_cv_func_dirfd=yes
ac_cv_func_err=yes
ac_cv_func_errx=yes
ac_cv_func_explicit_bzero=yes
ac_cv_func_fgetln=no
ac_cv_func_flock=yes
ac_cv_func_freezero=no
ac_cv_func_getdtablecount=no
ac_cv_func_getopt=yes
ac_cv_func_getprogname=no
ac_cv_func_memmem=yes
ac_cv_func_prctl=yes
ac_cv_func_reallocarray=yes
ac_cv_func_recallocarray=no
ac_cv_func_setenv=yes
ac_cv_func_setproctitle=no
ac_cv_func_stravis=no
ac_cv_func_strcasestr=yes
ac_cv_func_strlcat=no
ac_cv_func_strlcpy=no
ac_cv_func_strndup=yes
ac_cv_func_strnlen_working=yes
ac_cv_func_strsep=yes
ac_cv_func_strtonum=no
ac_cv_func_sysconf=yes
ac_cv_func_warn=yes
ac_cv_func_warnx=yes
ac_cv_have_decl_F_CLOSEM=no
ac_cv_have_decl_PR_SET_NAME=yes
ac_cv_have_decl_TAILQ_CONCAT=yes
ac_cv_have_decl_TAILQ_PREV=yes
ac_cv_have_decl_TAILQ_REPLACE=no
ac_cv_have_decl_daemon=yes
ac_cv_header_bitstring_h=no
ac_cv_header_dirent_h=yes
ac_cv_header_err_h=yes
ac_cv_header_event_h=yes
ac_cv_header_fcntl_h=yes
ac_cv_header_inttypes_h=yes
ac_cv_header_libutil_h=no
ac_cv_header_memory_h=yes
ac_cv_header_minix_config_h=no
ac_cv_header_ndir_h=no
ac_cv_header_paths_h=yes
ac_cv_header_pty_h=yes
ac_cv_header_stdc=yes
ac_cv_header_stdint_h=yes
ac_cv_header_stdlib_h=yes
ac_cv_header_string_h=yes
ac_cv_header_strings_h=yes
ac_cv_header_sys_dir_h=yes
ac_cv_header_sys_ndir_h=no
ac_cv_header_sys_stat_h=yes
ac_cv_header_sys_tree_h=no
ac_cv_header_sys_types_h=yes
ac_cv_header_unistd_h=yes
ac_cv_header_util_h=no
ac_cv_host=x86_64-pc-linux-gnu
ac_cv_lib_xnet_socket=no
ac_cv_objext=o
ac_cv_path_EGREP='/bin/grep -E'
ac_cv_path_GREP=/bin/grep
ac_cv_path_ac_pt_PKG_CONFIG=/usr/bin/pkg-config
ac_cv_path_install='/usr/bin/install -c'
ac_cv_path_mkdir=/bin/mkdir
ac_cv_prog_AWK=gawk
ac_cv_prog_CPP='gcc -E'
ac_cv_prog_ac_ct_CC=gcc
ac_cv_prog_cc_c89=
ac_cv_prog_cc_c99=
ac_cv_prog_cc_g=yes
ac_cv_prog_make_make_set=yes
ac_cv_safe_to_define___extensions__=yes
ac_cv_search_clock_gettime='none required'
ac_cv_search_fdforkpty=no
ac_cv_search_flock='none required'
ac_cv_search_forkpty=-lutil
ac_cv_search_fparseln=no
ac_cv_search_imsg_init=no
ac_cv_search_inet_ntoa='none required'
ac_cv_search_socket='none required'
am_cv_CC_dependencies_compiler_type=gcc3
am_cv_make_support_nested_variables=yes
am_cv_prog_cc_c_o=yes
pkg_cv_LIBEVENT_CFLAGS=
pkg_cv_LIBEVENT_LIBS=-levent
pkg_cv_LIBTINFO_CFLAGS='-D_GNU_SOURCE -D_DEFAULT_SOURCE'
pkg_cv_LIBTINFO_LIBS=-ltinfo

## ----------------- ##
## Output variables. ##
## ----------------- ##

ACLOCAL='${SHELL} /home/andrew/dotfiles/tmux-2.6/etc/missing aclocal-1.15'
AMDEPBACKSLASH='\'
AMDEP_FALSE='#'
AMDEP_TRUE=''
AMTAR='$${TAR-tar}'
AM_BACKSLASH='\'
AM_CFLAGS=' -D_GNU_SOURCE -D_DEFAULT_SOURCE  '
AM_CPPFLAGS=''
AM_DEFAULT_V='$(AM_DEFAULT_VERBOSITY)'
AM_DEFAULT_VERBOSITY='1'
AM_LDFLAGS=''
AM_V='$(V)'
AUTOCONF='${SHELL} /home/andrew/dotfiles/tmux-2.6/etc/missing autoconf'
AUTOHEADER='${SHELL} /home/andrew/dotfiles/tmux-2.6/etc/missing autoheader'
AUTOMAKE='${SHELL} /home/andrew/dotfiles/tmux-2.6/etc/missing automake-1.15'
AWK='gawk'
CC='gcc'
CCDEPMODE='depmode=gcc3'
CFLAGS=''
CPP='gcc -E'
CPPFLAGS=''
CYGPATH_W='echo'
DEFS='-DPACKAGE_NAME=\"tmux\" -DPACKAGE_TARNAME=\"tmux\" -DPACKAGE_VERSION=\"2.6\" -DPACKAGE_STRING=\"tmux\ 2.6\" -DPACKAGE_BUGREPORT=\"\" -DPACKAGE_URL=\"\" -DPACKAGE=\"tmux\" -DVERSION=\"2.6\" -DSTDC_HEADERS=1 -DHAVE_SYS_TYPES_H=1 -DHAVE_SYS_STAT_H=1 -DHAVE_STDLIB_H=1 -DHAVE_STRING_H=1 -DHAVE_MEMORY_H=1 -DHAVE_STRINGS_H=1 -DHAVE_INTTYPES_H=1 -DHAVE_STDINT_H=1 -DHAVE_UNISTD_H=1 -D__EXTENSIONS__=1 -D_ALL_SOURCE=1 -D_GNU_SOURCE=1 -D_POSIX_PTHREAD_SEMANTICS=1 -D_TANDEM_SOURCE=1 -DHAVE_DIRENT_H=1 -DHAVE_FCNTL_H=1 -DHAVE_INTTYPES_H=1 -DHAVE_PATHS_H=1 -DHAVE_PTY_H=1 -DHAVE_STDINT_H=1 -DHAVE_SYS_DIR_H=1 -DHAVE_DIRFD=1 -DHAVE_FLOCK=1 -DHAVE_PRCTL=1 -DHAVE_SYSCONF=1 -DHAVE_ASPRINTF=1 -DHAVE_CFMAKERAW=1 -DHAVE_EXPLICIT_BZERO=1 -DHAVE_MEMMEM=1 -DHAVE_REALLOCARRAY=1 -DHAVE_SETENV=1 -DHAVE_STRCASESTR=1 -DHAVE_STRNDUP=1 -DHAVE_STRSEP=1 -DHAVE_NCURSES_H=1 -DHAVE_B64_NTOP=1 -DHAVE_DAEMON=1 -DHAVE_FORKPTY=1 -DHAVE___PROGNAME=1 -DHAVE_PROGRAM_INVOCATION_SHORT_NAME=1 -DHAVE_PR_SET_NAME=1 -DHAVE_PROC_PID=1'
DEPDIR='.deps'
ECHO_C=''
ECHO_N='-n'
ECHO_T=''
EGREP='/bin/grep -E'
EXEEXT=''
GREP='/bin/grep'
HAVE_UTF8PROC_FALSE=''
HAVE_UTF8PROC_TRUE='#'
INSTALL_DATA='${INSTALL} -m 644'
INSTALL_PROGRAM='${INSTALL}'
INSTALL_SCRIPT='${INSTALL}'
INSTALL_STRIP_PROGRAM='$(install_sh) -c -s'
IS_AIX_FALSE=''
IS_AIX_TRUE='#'
IS_DARWIN_FALSE=''
IS_DARWIN_TRUE='#'
IS_DEBUG_FALSE=''
IS_DEBUG_TRUE='#'
IS_DRAGONFLY_FALSE=''
IS_DRAGONFLY_TRUE='#'
IS_FREEBSD_FALSE=''
IS_FREEBSD_TRUE='#'
IS_GCC_FALSE='#'
IS_GCC_TRUE=''
IS_HPUX_FALSE=''
IS_HPUX_TRUE='#'
IS_LINUX_FALSE='#'
IS_LINUX_TRUE=''
IS_NETBSD_FALSE=''
IS_NETBSD_TRUE='#'
IS_OPENBSD_FALSE=''
IS_OPENBSD_TRUE='#'
IS_SUNCC_FALSE=''
IS_SUNCC_TRUE='#'
IS_SUNOS_FALSE=''
IS_SUNOS_TRUE='#'
IS_UNKNOWN_FALSE=''
IS_UNKNOWN_TRUE='#'
LDFLAGS=''
LIBEVENT_CFLAGS=''
LIBEVENT_LIBS='-levent'
LIBNCURSES_CFLAGS=''
LIBNCURSES_LIBS=''
LIBOBJS=' ${LIBOBJDIR}closefrom$U.o ${LIBOBJDIR}fgetln$U.o ${LIBOBJDIR}freezero$U.o ${LIBOBJDIR}getdtablecount$U.o ${LIBOBJDIR}getprogname$U.o ${LIBOBJDIR}recallocarray$U.o ${LIBOBJDIR}setproctitle$U.o ${LIBOBJDIR}strlcat$U.o ${LIBOBJDIR}strlcpy$U.o ${LIBOBJDIR}strtonum$U.o ${LIBOBJDIR}imsg$U.o ${LIBOBJDIR}imsg-buffer$U.o ${LIBOBJDIR}vis$U.o ${LIBOBJDIR}unvis$U.o ${LIBOBJDIR}getopt$U.o ${LIBOBJDIR}fparseln$U.o ${LIBOBJDIR}fdforkpty$U.o'
LIBS='-lutil  -ltinfo -levent  -lresolv'
LIBTINFO_CFLAGS='-D_GNU_SOURCE -D_DEFAULT_SOURCE'
LIBTINFO_LIBS='-ltinfo'
LTLIBOBJS=' ${LIBOBJDIR}closefrom$U.lo ${LIBOBJDIR}fgetln$U.lo ${LIBOBJDIR}freezero$U.lo ${LIBOBJDIR}getdtablecount$U.lo ${LIBOBJDIR}getprogname$U.lo ${LIBOBJDIR}recallocarray$U.lo ${LIBOBJDIR}setproctitle$U.lo ${LIBOBJDIR}strlcat$U.lo ${LIBOBJDIR}strlcpy$U.lo ${LIBOBJDIR}strtonum$U.lo ${LIBOBJDIR}imsg$U.lo ${LIBOBJDIR}imsg-buffer$U.lo ${LIBOBJDIR}vis$U.lo ${LIBOBJDIR}unvis$U.lo ${LIBOBJDIR}getopt$U.lo ${LIBOBJDIR}fparseln$U.lo ${LIBOBJDIR}fdforkpty$U.lo'
MAKEINFO='${SHELL} /home/andrew/dotfiles/tmux-2.6/etc/missing makeinfo'
MANFORMAT='mdoc'
MKDIR_P='/bin/mkdir -p'
NEED_FORKPTY_FALSE=''
NEED_FORKPTY_TRUE='#'
OBJEXT='o'
PACKAGE='tmux'
PACKAGE_BUGREPORT=''
PACKAGE_NAME='tmux'
PACKAGE_STRING='tmux 2.6'
PACKAGE_TARNAME='tmux'
PACKAGE_URL=''
PACKAGE_VERSION='2.6'
PATH_SEPARATOR=':'
PKG_CONFIG='/usr/bin/pkg-config'
PKG_CONFIG_LIBDIR=''
PKG_CONFIG_PATH=''
PLATFORM='linux'
SET_MAKE=''
SHELL='/bin/bash'
STRIP=''
VERSION='2.6'
XOPEN_DEFINES=''
ac_ct_CC='gcc'
am__EXEEXT_FALSE=''
am__EXEEXT_TRUE='#'
am__fastdepCC_FALSE='#'
am__fastdepCC_TRUE=''
am__include='include'
am__isrc=''
am__leading_dot='.'
am__nodep='_no'
am__quote=''
am__tar='$${TAR-tar} chof - "$$tardir"'
am__untar='$${TAR-tar} xf -'
bindir='${exec_prefix}/bin'
build='x86_64-pc-linux-gnu'
build_alias=''
build_cpu='x86_64'
build_os='linux-gnu'
build_vendor='pc'
datadir='${datarootdir}'
datarootdir='${prefix}/share'
docdir='${datarootdir}/doc/${PACKAGE_TARNAME}'
dvidir='${docdir}'
exec_prefix='${prefix}'
host='x86_64-pc-linux-gnu'
host_alias=''
host_cpu='x86_64'
host_os='linux-gnu'
host_vendor='pc'
htmldir='${docdir}'
includedir='${prefix}/include'
infodir='${datarootdir}/info'
install_sh='${SHELL} /home/andrew/dotfiles/tmux-2.6/etc/install-sh'
libdir='${exec_prefix}/lib'
libexecdir='${exec_prefix}/libexec'
localedir='${datarootdir}/locale'
localstatedir='${prefix}/var'
mandir='${datarootdir}/man'
mkdir_p='$(MKDIR_P)'
oldincludedir='/usr/include'
pdfdir='${docdir}'
prefix='/usr/local'
program_transform_name='s,x,x,'
psdir='${docdir}'
runstatedir='${localstatedir}/run'
sbindir='${exec_prefix}/sbin'
sharedstatedir='${prefix}/com'
sysconfdir='/etc'
target_alias=''

## ----------- ##
## confdefs.h. ##
## ----------- ##

/* confdefs.h */
#define PACKAGE_NAME "tmux"
#define PACKAGE_TARNAME "tmux"
#define PACKAGE_VERSION "2.6"
#define PACKAGE_STRING "tmux 2.6"
#define PACKAGE_BUGREPORT ""
#define PACKAGE_URL ""
#define PACKAGE "tmux"
#define VERSION "2.6"
#define STDC_HEADERS 1
#define HAVE_SYS_TYPES_H 1
#define HAVE_SYS_STAT_H 1
#define HAVE_STDLIB_H 1
#define HAVE_STRING_H 1
#define HAVE_MEMORY_H 1
#define HAVE_STRINGS_H 1
#define HAVE_INTTYPES_H 1
#define HAVE_STDINT_H 1
#define HAVE_UNISTD_H 1
#define __EXTENSIONS__ 1
#define _ALL_SOURCE 1
#define _GNU_SOURCE 1
#define _POSIX_PTHREAD_SEMANTICS 1
#define _TANDEM_SOURCE 1
#define HAVE_DIRENT_H 1
#define HAVE_FCNTL_H 1
#define HAVE_INTTYPES_H 1
#define HAVE_PATHS_H 1
#define HAVE_PTY_H 1
#define HAVE_STDINT_H 1
#define HAVE_SYS_DIR_H 1
#define HAVE_DIRFD 1
#define HAVE_FLOCK 1
#define HAVE_PRCTL 1
#define HAVE_SYSCONF 1
#define HAVE_ASPRINTF 1
#define HAVE_CFMAKERAW 1
#define HAVE_EXPLICIT_BZERO 1
#define HAVE_MEMMEM 1
#define HAVE_REALLOCARRAY 1
#define HAVE_SETENV 1
#define HAVE_STRCASESTR 1
#define HAVE_STRNDUP 1
#define HAVE_STRSEP 1
#define HAVE_NCURSES_H 1
#define HAVE_B64_NTOP 1
#define HAVE_DAEMON 1
#define HAVE_FORKPTY 1
#define HAVE___PROGNAME 1
#define HAVE_PROGRAM_INVOCATION_SHORT_NAME 1
#define HAVE_PR_SET_NAME 1
#define HAVE_PROC_PID 1

configure: exit 0
